TN:
SF:/Users/egormatiushkin/Develop/Study/GBVue/babel.config.js
FNF:0
FNH:0
DA:1,0
LF:1
LH:0
BRF:0
BRH:0
end_of_record
TN:
SF:/Users/egormatiushkin/Develop/Study/GBVue/jest.config.js
FNF:0
FNH:0
DA:1,0
LF:1
LH:0
BRF:0
BRH:0
end_of_record
TN:
SF:/Users/egormatiushkin/Develop/Study/GBVue/vue.config.js
FNF:0
FNH:0
DA:1,0
LF:1
LH:0
BRF:0
BRH:0
end_of_record
TN:
SF:/Users/egormatiushkin/Develop/Study/GBVue/coverage/lcov-report/block-navigation.js
FN:2,init
FN:24,toggleClass
FN:31,makeCurrent
FN:41,goToPrevious
FN:52,goToNext
FN:65,jump
FNF:6
FNH:0
FNDA:0,init
FNDA:0,toggleClass
FNDA:0,makeCurrent
FNDA:0,goToPrevious
FNDA:0,goToNext
FNDA:0,jump
DA:2,0
DA:4,0
DA:7,0
DA:10,0
DA:14,0
DA:20,0
DA:25,0
DA:28,0
DA:32,0
DA:33,0
DA:34,0
DA:42,0
DA:43,0
DA:44,0
DA:45,0
DA:46,0
DA:49,0
DA:53,0
DA:55,0
DA:59,0
DA:62,0
DA:65,0
DA:66,0
DA:69,0
DA:70,0
DA:74,0
DA:75,0
DA:79,0
LF:28
LH:0
BRDA:43,0,0,0
BRDA:43,0,1,0
BRDA:43,1,0,0
BRDA:43,1,1,0
BRDA:45,2,0,0
BRDA:45,2,1,0
BRDA:55,3,0,0
BRDA:55,3,1,0
BRDA:56,4,0,0
BRDA:56,4,1,0
BRDA:66,5,0,0
BRDA:66,5,1,0
BRDA:66,5,2,0
BRDA:66,5,3,0
BRDA:66,5,4,0
BRF:15
BRH:0
end_of_record
TN:
SF:/Users/egormatiushkin/Develop/Study/GBVue/coverage/lcov-report/prettify.js
FN:2,(anonymous_0)
FN:2,k
FN:2,ab
FN:2,T
FN:2,X
FN:2,(anonymous_5)
FN:2,W
FN:2,(anonymous_7)
FN:2,a
FN:2,aa
FN:2,B
FN:2,o
FN:2,g
FN:2,(anonymous_13)
FN:2,(anonymous_14)
FN:2,i
FN:2,Q
FN:2,ae
FN:2,ad
FN:2,ai
FN:2,D
FN:2,c
FN:2,q
FN:2,d
FN:2,y
FN:2,b
FN:2,Y
FN:2,(anonymous_27)
FN:2,U
FNF:29
FNH:0
FNDA:0,(anonymous_0)
FNDA:0,k
FNDA:0,ab
FNDA:0,T
FNDA:0,X
FNDA:0,(anonymous_5)
FNDA:0,W
FNDA:0,(anonymous_7)
FNDA:0,a
FNDA:0,aa
FNDA:0,B
FNDA:0,o
FNDA:0,g
FNDA:0,(anonymous_13)
FNDA:0,(anonymous_14)
FNDA:0,i
FNDA:0,Q
FNDA:0,ae
FNDA:0,ad
FNDA:0,ai
FNDA:0,D
FNDA:0,c
FNDA:0,q
FNDA:0,d
FNDA:0,y
FNDA:0,b
FNDA:0,Y
FNDA:0,(anonymous_27)
FNDA:0,U
DA:2,0
LF:1
LH:0
BRDA:2,0,0,0
BRDA:2,0,1,0
BRDA:2,1,0,0
BRDA:2,1,1,0
BRDA:2,2,0,0
BRDA:2,2,1,0
BRDA:2,3,0,0
BRDA:2,3,1,0
BRDA:2,4,0,0
BRDA:2,4,1,0
BRDA:2,5,0,0
BRDA:2,5,1,0
BRDA:2,6,0,0
BRDA:2,6,1,0
BRDA:2,7,0,0
BRDA:2,7,1,0
BRDA:2,8,0,0
BRDA:2,8,1,0
BRDA:2,9,0,0
BRDA:2,9,1,0
BRDA:2,10,0,0
BRDA:2,10,1,0
BRDA:2,11,0,0
BRDA:2,11,1,0
BRDA:2,11,2,0
BRDA:2,11,3,0
BRDA:2,12,0,0
BRDA:2,12,1,0
BRDA:2,13,0,0
BRDA:2,13,1,0
BRDA:2,14,0,0
BRDA:2,14,1,0
BRDA:2,15,0,0
BRDA:2,15,1,0
BRDA:2,16,0,0
BRDA:2,16,1,0
BRDA:2,17,0,0
BRDA:2,17,1,0
BRDA:2,18,0,0
BRDA:2,18,1,0
BRDA:2,19,0,0
BRDA:2,19,1,0
BRDA:2,20,0,0
BRDA:2,20,1,0
BRDA:2,21,0,0
BRDA:2,21,1,0
BRDA:2,22,0,0
BRDA:2,22,1,0
BRDA:2,23,0,0
BRDA:2,23,1,0
BRDA:2,24,0,0
BRDA:2,24,1,0
BRDA:2,25,0,0
BRDA:2,25,1,0
BRDA:2,26,0,0
BRDA:2,26,1,0
BRDA:2,27,0,0
BRDA:2,27,1,0
BRDA:2,28,0,0
BRDA:2,28,1,0
BRDA:2,29,0,0
BRDA:2,29,1,0
BRDA:2,30,0,0
BRDA:2,30,1,0
BRDA:2,31,0,0
BRDA:2,31,1,0
BRDA:2,32,0,0
BRDA:2,32,1,0
BRDA:2,33,0,0
BRDA:2,33,1,0
BRDA:2,34,0,0
BRDA:2,34,1,0
BRDA:2,35,0,0
BRDA:2,35,1,0
BRDA:2,36,0,0
BRDA:2,36,1,0
BRDA:2,37,0,0
BRDA:2,37,1,0
BRDA:2,38,0,0
BRDA:2,38,1,0
BRDA:2,39,0,0
BRDA:2,39,1,0
BRDA:2,40,0,0
BRDA:2,40,1,0
BRDA:2,41,0,0
BRDA:2,41,1,0
BRDA:2,42,0,0
BRDA:2,42,1,0
BRDA:2,43,0,0
BRDA:2,43,1,0
BRDA:2,44,0,0
BRDA:2,44,1,0
BRDA:2,45,0,0
BRDA:2,45,1,0
BRDA:2,46,0,0
BRDA:2,46,1,0
BRDA:2,47,0,0
BRDA:2,47,1,0
BRDA:2,48,0,0
BRDA:2,48,1,0
BRDA:2,49,0,0
BRDA:2,49,1,0
BRDA:2,50,0,0
BRDA:2,50,1,0
BRDA:2,50,2,0
BRDA:2,51,0,0
BRDA:2,51,1,0
BRDA:2,52,0,0
BRDA:2,52,1,0
BRDA:2,53,0,0
BRDA:2,53,1,0
BRDA:2,54,0,0
BRDA:2,54,1,0
BRDA:2,55,0,0
BRDA:2,55,1,0
BRDA:2,56,0,0
BRDA:2,56,1,0
BRDA:2,57,0,0
BRDA:2,57,1,0
BRDA:2,58,0,0
BRDA:2,58,1,0
BRDA:2,59,0,0
BRDA:2,59,1,0
BRDA:2,60,0,0
BRDA:2,60,1,0
BRDA:2,61,0,0
BRDA:2,61,1,0
BRDA:2,62,0,0
BRDA:2,62,1,0
BRDA:2,63,0,0
BRDA:2,63,1,0
BRDA:2,64,0,0
BRDA:2,64,1,0
BRDA:2,65,0,0
BRDA:2,65,1,0
BRDA:2,66,0,0
BRDA:2,66,1,0
BRDA:2,67,0,0
BRDA:2,67,1,0
BRDA:2,68,0,0
BRDA:2,68,1,0
BRDA:2,69,0,0
BRDA:2,69,1,0
BRDA:2,70,0,0
BRDA:2,70,1,0
BRDA:2,71,0,0
BRDA:2,71,1,0
BRDA:2,72,0,0
BRDA:2,72,1,0
BRDA:2,73,0,0
BRDA:2,73,1,0
BRDA:2,74,0,0
BRDA:2,74,1,0
BRDA:2,75,0,0
BRDA:2,75,1,0
BRDA:2,76,0,0
BRDA:2,76,1,0
BRDA:2,77,0,0
BRDA:2,77,1,0
BRDA:2,78,0,0
BRDA:2,78,1,0
BRDA:2,79,0,0
BRDA:2,79,1,0
BRDA:2,80,0,0
BRDA:2,80,1,0
BRDA:2,81,0,0
BRDA:2,81,1,0
BRDA:2,82,0,0
BRDA:2,82,1,0
BRDA:2,83,0,0
BRDA:2,83,1,0
BRDA:2,84,0,0
BRDA:2,84,1,0
BRDA:2,85,0,0
BRDA:2,85,1,0
BRDA:2,86,0,0
BRDA:2,86,1,0
BRDA:2,87,0,0
BRDA:2,87,1,0
BRDA:2,88,0,0
BRDA:2,88,1,0
BRDA:2,89,0,0
BRDA:2,89,1,0
BRDA:2,89,2,0
BRDA:2,90,0,0
BRDA:2,90,1,0
BRDA:2,91,0,0
BRDA:2,91,1,0
BRDA:2,92,0,0
BRDA:2,92,1,0
BRDA:2,93,0,0
BRDA:2,93,1,0
BRDA:2,94,0,0
BRDA:2,94,1,0
BRDA:2,95,0,0
BRDA:2,95,1,0
BRDA:2,96,0,0
BRDA:2,96,1,0
BRDA:2,97,0,0
BRDA:2,97,1,0
BRDA:2,98,0,0
BRDA:2,98,1,0
BRDA:2,99,0,0
BRDA:2,99,1,0
BRDA:2,100,0,0
BRDA:2,100,1,0
BRDA:2,101,0,0
BRDA:2,101,1,0
BRDA:2,102,0,0
BRDA:2,102,1,0
BRDA:2,103,0,0
BRDA:2,103,1,0
BRDA:2,104,0,0
BRDA:2,104,1,0
BRDA:2,105,0,0
BRDA:2,105,1,0
BRDA:2,106,0,0
BRDA:2,106,1,0
BRDA:2,107,0,0
BRDA:2,107,1,0
BRDA:2,108,0,0
BRDA:2,108,1,0
BRDA:2,109,0,0
BRDA:2,109,1,0
BRDA:2,110,0,0
BRDA:2,110,1,0
BRDA:2,111,0,0
BRDA:2,111,1,0
BRDA:2,112,0,0
BRDA:2,112,1,0
BRDA:2,113,0,0
BRDA:2,113,1,0
BRDA:2,114,0,0
BRDA:2,114,1,0
BRDA:2,115,0,0
BRDA:2,115,1,0
BRDA:2,116,0,0
BRDA:2,116,1,0
BRDA:2,117,0,0
BRDA:2,117,1,0
BRDA:2,118,0,0
BRDA:2,118,1,0
BRDA:2,119,0,0
BRDA:2,119,1,0
BRDA:2,120,0,0
BRDA:2,120,1,0
BRDA:2,121,0,0
BRDA:2,121,1,0
BRDA:2,122,0,0
BRDA:2,122,1,0
BRDA:2,123,0,0
BRDA:2,123,1,0
BRDA:2,124,0,0
BRDA:2,124,1,0
BRDA:2,125,0,0
BRDA:2,125,1,0
BRDA:2,126,0,0
BRDA:2,126,1,0
BRDA:2,127,0,0
BRDA:2,127,1,0
BRDA:2,128,0,0
BRDA:2,128,1,0
BRDA:2,128,2,0
BRDA:2,129,0,0
BRDA:2,129,1,0
BRDA:2,130,0,0
BRDA:2,130,1,0
BRDA:2,131,0,0
BRDA:2,131,1,0
BRDA:2,131,2,0
BRDA:2,131,3,0
BRDA:2,131,4,0
BRDA:2,132,0,0
BRDA:2,132,1,0
BRDA:2,133,0,0
BRDA:2,133,1,0
BRDA:2,134,0,0
BRDA:2,134,1,0
BRDA:2,135,0,0
BRDA:2,135,1,0
BRDA:2,136,0,0
BRDA:2,136,1,0
BRDA:2,137,0,0
BRDA:2,137,1,0
BRDA:2,138,0,0
BRDA:2,138,1,0
BRF:286
BRH:0
end_of_record
TN:
SF:/Users/egormatiushkin/Develop/Study/GBVue/coverage/lcov-report/sorter.js
FN:2,(anonymous_0)
FN:11,getTable
FN:15,getTableHeader
FN:19,getTableBody
FN:23,getNthColumn
FN:28,loadColumns
FN:53,loadRowData
FN:72,loadData
FN:81,sortByIndex
FN:83,(anonymous_9)
FN:95,(anonymous_10)
FN:112,removeSortIndicators
FN:120,addSortIndicators
FN:126,enableUI
FN:129,ithSorter
FN:132,(anonymous_15)
FN:159,(anonymous_16)
FNF:17
FNH:0
FNDA:0,(anonymous_0)
FNDA:0,getTable
FNDA:0,getTableHeader
FNDA:0,getTableBody
FNDA:0,getNthColumn
FNDA:0,loadColumns
FNDA:0,loadRowData
FNDA:0,loadData
FNDA:0,sortByIndex
FNDA:0,(anonymous_9)
FNDA:0,(anonymous_10)
FNDA:0,removeSortIndicators
FNDA:0,addSortIndicators
FNDA:0,enableUI
FNDA:0,ithSorter
FNDA:0,(anonymous_15)
FNDA:0,(anonymous_16)
DA:2,0
DA:5,0
DA:12,0
DA:16,0
DA:20,0
DA:24,0
DA:29,0
DA:31,0
DA:35,0
DA:36,0
DA:37,0
DA:42,0
DA:43,0
DA:44,0
DA:45,0
DA:49,0
DA:54,0
DA:57,0
DA:60,0
DA:61,0
DA:62,0
DA:63,0
DA:64,0
DA:65,0
DA:67,0
DA:69,0
DA:73,0
DA:76,0
DA:77,0
DA:82,0
DA:83,0
DA:84,0
DA:85,0
DA:86,0
DA:88,0
DA:89,0
DA:90,0
DA:91,0
DA:94,0
DA:95,0
DA:96,0
DA:100,0
DA:101,0
DA:102,0
DA:105,0
DA:107,0
DA:108,0
DA:113,0
DA:114,0
DA:116,0
DA:117,0
DA:121,0
DA:129,0
DA:130,0
DA:132,0
DA:133,0
DA:135,0
DA:136,0
DA:138,0
DA:139,0
DA:140,0
DA:141,0
DA:142,0
DA:145,0
DA:146,0
DA:149,0
DA:150,0
DA:151,0
DA:153,0
DA:159,0
DA:160,0
DA:161,0
DA:163,0
DA:164,0
DA:165,0
DA:166,0
DA:170,0
LF:77
LH:0
BRDA:40,0,0,0
BRDA:40,0,1,0
BRDA:43,1,0,0
BRDA:43,1,1,0
BRDA:64,2,0,0
BRDA:64,2,1,0
BRDA:86,3,0,0
BRDA:86,3,1,0
BRDA:86,4,0,0
BRDA:86,4,1,0
BRDA:94,5,0,0
BRDA:94,5,1,0
BRDA:121,6,0,0
BRDA:121,6,1,0
BRDA:135,7,0,0
BRDA:135,7,1,0
BRDA:146,8,0,0
BRDA:146,8,1,0
BRDA:150,9,0,0
BRDA:150,9,1,0
BRDA:160,10,0,0
BRDA:160,10,1,0
BRF:22
BRH:0
end_of_record
TN:
SF:/Users/egormatiushkin/Develop/Study/GBVue/dist/js/webpack:/(webpack)/buildin/global.js
FN:1,(anonymous_1197)
FN:4,(anonymous_1198)
FNF:2
FNH:0
FNDA:0,(anonymous_1197)
FNDA:0,(anonymous_1198)
DA:4,0
DA:5,0
DA:8,0
DA:10,0
DA:13,0
DA:20,0
LF:6
LH:0
BRDA:10,0,0,0
BRDA:10,0,1,0
BRDA:13,1,0,0
BRDA:13,1,1,0
BRF:4
BRH:0
end_of_record
TN:
SF:/Users/egormatiushkin/Develop/Study/GBVue/dist/js/webpack:/node_modules/@babel/runtime/helpers/esm/arrayLikeToArray.js
FN:1,r
FNF:1
FNH:0
FNDA:0,r
DA:1,0
DA:4,0
DA:5,0
DA:8,0
LF:4
LH:0
BRDA:2,0,0,0
BRDA:2,0,1,0
BRDA:2,0,2,0
BRF:3
BRH:0
end_of_record
TN:
SF:/Users/egormatiushkin/Develop/Study/GBVue/dist/js/webpack:/node_modules/@babel/runtime/helpers/esm/arrayWithoutHoles.js
FN:2,o
FNF:1
FNH:0
FNDA:0,o
DA:3,0
LF:1
LH:0
BRDA:3,0,0,0
BRDA:3,0,1,0
BRF:2
BRH:0
end_of_record
TN:
SF:/Users/egormatiushkin/Develop/Study/GBVue/dist/js/webpack:/node_modules/@babel/runtime/helpers/esm/defineProperty.js
FN:1,(anonymous_757)
FN:1,r
FNF:2
FNH:0
FNDA:0,(anonymous_757)
FNDA:0,r
DA:1,0
DA:13,0
LF:2
LH:0
BRDA:3,0,0,0
BRDA:3,0,1,0
BRF:2
BRH:0
end_of_record
TN:
SF:/Users/egormatiushkin/Develop/Study/GBVue/dist/js/webpack:/node_modules/@babel/runtime/helpers/esm/iterableToArray.js
FN:1,(anonymous_72)
FN:1,i
FNF:2
FNH:0
FNDA:0,(anonymous_72)
FNDA:0,i
DA:1,0
DA:2,0
LF:2
LH:0
BRDA:2,0,0,0
BRDA:2,0,1,0
BRDA:2,1,0,0
BRDA:2,1,1,0
BRDA:2,1,2,0
BRF:5
BRH:0
end_of_record
TN:
SF:/Users/egormatiushkin/Develop/Study/GBVue/dist/js/webpack:/node_modules/@babel/runtime/helpers/esm/nonIterableSpread.js
FN:1,c
FNF:1
FNH:0
FNDA:0,c
DA:2,0
LF:1
LH:0
BRF:0
BRH:0
end_of_record
TN:
SF:/Users/egormatiushkin/Develop/Study/GBVue/dist/js/webpack:/node_modules/@babel/runtime/helpers/esm/objectSpread2.js
FN:3,o
FN:10,(anonymous_760)
FN:21,i
FN:26,(anonymous_762)
FN:32,(anonymous_763)
FNF:5
FNH:0
FNDA:0,o
FNDA:0,(anonymous_760)
FNDA:0,i
FNDA:0,(anonymous_762)
FNDA:0,(anonymous_763)
DA:4,0
DA:6,0
DA:7,0
DA:9,0
DA:11,0
DA:18,0
DA:22,0
DA:23,0
DA:25,0
DA:27,0
DA:33,0
DA:38,0
LF:12
LH:0
BRDA:6,0,0,0
BRDA:6,0,1,0
BRDA:9,1,0,0
BRDA:9,1,1,0
BRDA:23,2,0,0
BRDA:23,2,1,0
BRDA:26,3,0,0
BRDA:26,3,1,0
BRDA:30,4,0,0
BRDA:30,4,1,0
BRF:10
BRH:0
end_of_record
TN:
SF:/Users/egormatiushkin/Develop/Study/GBVue/dist/js/webpack:/node_modules/@babel/runtime/helpers/esm/toConsumableArray.js
FN:5,s
FNF:1
FNH:0
FNDA:0,s
DA:6,0
LF:1
LH:0
BRDA:6,0,0,0
BRDA:6,0,1,0
BRDA:6,0,2,0
BRDA:6,0,3,0
BRF:4
BRH:0
end_of_record
TN:
SF:/Users/egormatiushkin/Develop/Study/GBVue/dist/js/webpack:/node_modules/@babel/runtime/helpers/esm/unsupportedIterableToArray.js
FN:2,a
FNF:1
FNH:0
FNDA:0,a
DA:3,0
DA:4,0
DA:5,0
DA:7,0
LF:4
LH:0
BRDA:3,0,0,0
BRDA:3,0,1,0
BRDA:4,1,0,0
BRDA:4,1,1,0
BRDA:6,2,0,0
BRDA:6,2,1,0
BRDA:6,2,2,0
BRDA:7,3,0,0
BRDA:7,3,1,0
BRDA:7,4,0,0
BRDA:7,4,1,0
BRDA:8,5,0,0
BRDA:8,5,1,0
BRDA:8,6,0,0
BRDA:8,6,1,0
BRF:15
BRH:0
end_of_record
TN:
SF:/Users/egormatiushkin/Develop/Study/GBVue/dist/js/webpack:/node_modules/core-js/internals/a-function.js
FN:1,(anonymous_32)
FN:1,(anonymous_33)
FNF:2
FNH:0
FNDA:0,(anonymous_32)
FNDA:0,(anonymous_33)
DA:1,0
DA:2,0
DA:3,0
DA:4,0
LF:4
LH:0
BRDA:2,0,0,0
BRDA:2,0,1,0
BRF:2
BRH:0
end_of_record
TN:
SF:/Users/egormatiushkin/Develop/Study/GBVue/dist/js/webpack:/node_modules/core-js/internals/a-possible-prototype.js
FN:1,(anonymous_716)
FN:3,(anonymous_717)
FNF:2
FNH:0
FNDA:0,(anonymous_716)
FNDA:0,(anonymous_717)
DA:1,0
DA:3,0
DA:4,0
DA:5,0
DA:6,0
LF:5
LH:0
BRDA:4,0,0,0
BRDA:4,0,1,0
BRDA:4,1,0,0
BRDA:4,1,1,0
BRF:4
BRH:0
end_of_record
TN:
SF:/Users/egormatiushkin/Develop/Study/GBVue/dist/js/webpack:/node_modules/core-js/internals/add-to-unscopables.js
FN:1,(anonymous_726)
FN:18,(anonymous_727)
FNF:2
FNH:0
FNDA:0,(anonymous_726)
FNDA:0,(anonymous_727)
DA:1,0
DA:2,0
DA:3,0
DA:5,0
DA:6,0
DA:19,0
LF:6
LH:0
BRDA:6,0,0,0
BRDA:6,0,1,0
BRF:2
BRH:0
end_of_record
TN:
SF:/Users/egormatiushkin/Develop/Study/GBVue/dist/js/webpack:/node_modules/core-js/internals/advance-string-index.js
FN:2,(anonymous_832)
FN:6,(anonymous_833)
FNF:2
FNH:0
FNDA:0,(anonymous_832)
FNDA:0,(anonymous_833)
DA:2,0
DA:6,0
DA:7,0
LF:3
LH:0
BRDA:7,0,0,0
BRDA:7,0,1,0
BRF:2
BRH:0
end_of_record
TN:
SF:/Users/egormatiushkin/Develop/Study/GBVue/dist/js/webpack:/node_modules/core-js/internals/an-instance.js
FN:1,(anonymous_29)
FN:1,(anonymous_30)
FNF:2
FNH:0
FNDA:0,(anonymous_29)
FNDA:0,(anonymous_30)
DA:1,0
DA:2,0
DA:3,0
DA:4,0
LF:4
LH:0
BRDA:2,0,0,0
BRDA:2,0,1,0
BRDA:3,1,0,0
BRDA:3,1,1,0
BRF:4
BRH:0
end_of_record
TN:
SF:/Users/egormatiushkin/Develop/Study/GBVue/dist/js/webpack:/node_modules/core-js/internals/an-object.js
FN:1,(anonymous_821)
FN:3,(anonymous_822)
FNF:2
FNH:0
FNDA:0,(anonymous_821)
FNDA:0,(anonymous_822)
DA:1,0
DA:3,0
DA:4,0
DA:5,0
DA:6,0
LF:5
LH:0
BRDA:4,0,0,0
BRDA:4,0,1,0
BRF:2
BRH:0
end_of_record
TN:
SF:/Users/egormatiushkin/Develop/Study/GBVue/dist/js/webpack:/node_modules/core-js/internals/array-for-each.js
FN:2,(anonymous_27)
FN:9,(anonymous_28)
FNF:2
FNH:0
FNDA:0,(anonymous_27)
FNDA:0,(anonymous_28)
DA:2,0
DA:3,0
DA:5,0
DA:9,0
DA:10,0
LF:5
LH:0
BRDA:12,0,0,0
BRDA:12,0,1,0
BRDA:10,1,0,0
BRDA:10,1,1,0
BRF:4
BRH:0
end_of_record
TN:
SF:/Users/egormatiushkin/Develop/Study/GBVue/dist/js/webpack:/node_modules/core-js/internals/array-from.js
FN:2,(anonymous_741)
FN:13,(anonymous_742)
FNF:2
FNH:0
FNDA:0,(anonymous_741)
FNDA:0,(anonymous_742)
DA:2,0
DA:3,0
DA:4,0
DA:5,0
DA:6,0
DA:7,0
DA:8,0
DA:9,0
DA:13,0
DA:14,0
DA:15,0
DA:16,0
DA:17,0
DA:18,0
DA:19,0
DA:20,0
DA:24,0
DA:28,0
DA:29,0
DA:35,0
DA:36,0
DA:41,0
LF:22
LH:0
BRDA:15,0,0,0
BRDA:15,0,1,0
BRDA:17,1,0,0
BRDA:17,1,1,0
BRDA:24,2,0,0
BRDA:24,2,1,0
BRDA:22,3,0,0
BRDA:22,3,1,0
BRDA:22,4,0,0
BRDA:22,4,1,0
BRDA:22,5,0,0
BRDA:22,5,1,0
BRDA:22,5,2,0
BRDA:36,6,0,0
BRDA:36,6,1,0
BRDA:29,7,0,0
BRDA:29,7,1,0
BRF:17
BRH:0
end_of_record
TN:
SF:/Users/egormatiushkin/Develop/Study/GBVue/dist/js/webpack:/node_modules/core-js/internals/array-includes.js
FN:1,(anonymous_736)
FN:6,(anonymous_737)
FN:7,(anonymous_738)
FNF:3
FNH:0
FNDA:0,(anonymous_736)
FNDA:0,(anonymous_737)
FNDA:0,(anonymous_738)
DA:1,0
DA:2,0
DA:3,0
DA:6,0
DA:7,0
DA:8,0
DA:9,0
DA:10,0
DA:14,0
DA:17,0
DA:19,0
DA:20,0
DA:21,0
DA:25,0
LF:14
LH:0
BRDA:14,0,0,0
BRDA:14,0,1,0
BRDA:14,1,0,0
BRDA:14,1,1,0
BRDA:17,2,0,0
BRDA:17,2,1,0
BRDA:20,3,0,0
BRDA:20,3,1,0
BRDA:20,4,0,0
BRDA:20,4,1,0
BRDA:20,4,2,0
BRDA:20,5,0,0
BRDA:20,5,1,0
BRDA:20,5,2,0
BRDA:21,6,0,0
BRDA:21,6,1,0
BRF:16
BRH:0
end_of_record
TN:
SF:/Users/egormatiushkin/Develop/Study/GBVue/dist/js/webpack:/node_modules/core-js/internals/array-iteration.js
FN:1,(anonymous_1185)
FN:10,(anonymous_1186)
FN:18,(anonymous_1187)
FNF:3
FNH:0
FNDA:0,(anonymous_1185)
FNDA:0,(anonymous_1186)
FNDA:0,(anonymous_1187)
DA:1,0
DA:2,0
DA:3,0
DA:4,0
DA:5,0
DA:7,0
DA:10,0
DA:11,0
DA:12,0
DA:13,0
DA:14,0
DA:15,0
DA:16,0
DA:17,0
DA:18,0
DA:19,0
DA:20,0
DA:21,0
DA:22,0
DA:23,0
DA:24,0
DA:25,0
DA:27,0
DA:31,0
DA:32,0
DA:33,0
DA:34,0
DA:35,0
DA:36,0
DA:37,0
DA:38,0
DA:39,0
DA:43,0
DA:47,0
LF:34
LH:0
BRDA:17,0,0,0
BRDA:17,0,1,0
BRDA:24,1,0,0
BRDA:24,1,1,0
BRDA:25,2,0,0
BRDA:25,2,1,0
BRDA:25,3,0,0
BRDA:25,3,1,0
BRDA:25,4,0,0
BRDA:25,4,1,0
BRDA:27,5,0,0
BRDA:27,5,1,0
BRDA:27,6,0,0
BRDA:27,6,1,0
BRDA:27,6,2,0
BRDA:31,7,0,0
BRDA:31,7,1,0
BRDA:32,8,0,0
BRDA:32,8,1,0
BRDA:33,9,0,0
BRDA:33,9,1,0
BRDA:33,9,2,0
BRDA:33,9,3,0
BRDA:38,10,0,0
BRDA:38,10,1,0
BRDA:43,11,0,0
BRDA:43,11,1,0
BRDA:43,12,0,0
BRDA:43,12,1,0
BRDA:43,13,0,0
BRDA:43,13,1,0
BRF:31
BRH:0
end_of_record
TN:
SF:/Users/egormatiushkin/Develop/Study/GBVue/dist/js/webpack:/node_modules/core-js/internals/array-method-has-species-support.js
FN:1,(anonymous_45)
FN:7,(anonymous_46)
FN:11,(anonymous_47)
FN:14,(anonymous_48)
FNF:4
FNH:0
FNDA:0,(anonymous_45)
FNDA:0,(anonymous_46)
FNDA:0,(anonymous_47)
FNDA:0,(anonymous_48)
DA:1,0
DA:2,0
DA:3,0
DA:5,0
DA:7,0
DA:11,0
DA:12,0
DA:13,0
DA:15,0
DA:17,0
LF:10
LH:0
BRDA:11,0,0,0
BRDA:11,0,1,0
BRF:2
BRH:0
end_of_record
TN:
SF:/Users/egormatiushkin/Develop/Study/GBVue/dist/js/webpack:/node_modules/core-js/internals/array-method-is-strict.js
FN:2,(anonymous_1146)
FN:4,(anonymous_1147)
FN:6,(anonymous_1148)
FN:8,(anonymous_1149)
FNF:4
FNH:0
FNDA:0,(anonymous_1146)
FNDA:0,(anonymous_1147)
FNDA:0,(anonymous_1148)
FNDA:0,(anonymous_1149)
DA:2,0
DA:4,0
DA:5,0
DA:6,0
DA:8,0
LF:5
LH:0
BRDA:6,0,0,0
BRDA:6,0,1,0
BRDA:8,1,0,0
BRDA:8,1,1,0
BRF:4
BRH:0
end_of_record
TN:
SF:/Users/egormatiushkin/Develop/Study/GBVue/dist/js/webpack:/node_modules/core-js/internals/array-species-constructor.js
FN:1,(anonymous_13)
FN:9,(anonymous_14)
FNF:2
FNH:0
FNDA:0,(anonymous_13)
FNDA:0,(anonymous_14)
DA:1,0
DA:2,0
DA:3,0
DA:5,0
DA:9,0
DA:19,0
LF:6
LH:0
BRDA:11,0,0,0
BRDA:11,0,1,0
BRDA:15,1,0,0
BRDA:15,1,1,0
BRDA:14,2,0,0
BRDA:14,2,1,0
BRDA:14,2,2,0
BRDA:15,3,0,0
BRDA:15,3,1,0
BRDA:17,4,0,0
BRDA:17,4,1,0
BRDA:19,5,0,0
BRDA:19,5,1,0
BRF:13
BRH:0
end_of_record
TN:
SF:/Users/egormatiushkin/Develop/Study/GBVue/dist/js/webpack:/node_modules/core-js/internals/array-species-create.js
FN:1,(anonymous_782)
FN:5,(anonymous_783)
FNF:2
FNH:0
FNDA:0,(anonymous_782)
FNDA:0,(anonymous_783)
DA:1,0
DA:5,0
DA:6,0
LF:3
LH:0
BRDA:6,0,0,0
BRDA:6,0,1,0
BRF:2
BRH:0
end_of_record
TN:
SF:/Users/egormatiushkin/Develop/Study/GBVue/dist/js/webpack:/node_modules/core-js/internals/call-with-safe-iteration-closing.js
FN:1,(anonymous_1098)
FN:5,(anonymous_1099)
FNF:2
FNH:0
FNDA:0,(anonymous_1098)
FNDA:0,(anonymous_1099)
DA:1,0
DA:2,0
DA:5,0
DA:6,0
DA:7,0
DA:9,0
LF:6
LH:0
BRDA:7,0,0,0
BRDA:7,0,1,0
BRF:2
BRH:0
end_of_record
TN:
SF:/Users/egormatiushkin/Develop/Study/GBVue/dist/js/webpack:/node_modules/core-js/internals/check-correctness-of-iteration.js
FN:1,(anonymous_34)
FN:9,(anonymous_35)
FN:12,(anonymous_36)
FN:16,(anonymous_37)
FN:20,(anonymous_38)
FN:23,(anonymous_39)
FN:28,(anonymous_40)
FN:30,(anonymous_41)
FNF:8
FNH:0
FNDA:0,(anonymous_34)
FNDA:0,(anonymous_35)
FNDA:0,(anonymous_36)
FNDA:0,(anonymous_37)
FNDA:0,(anonymous_38)
FNDA:0,(anonymous_39)
FNDA:0,(anonymous_40)
FNDA:0,(anonymous_41)
DA:1,0
DA:3,0
DA:4,0
DA:6,0
DA:7,0
DA:8,0
DA:10,0
DA:13,0
DA:16,0
DA:17,0
DA:20,0
DA:23,0
DA:24,0
DA:25,0
DA:26,0
DA:27,0
DA:28,0
DA:29,0
DA:31,0
DA:37,0
LF:20
LH:0
BRDA:24,0,0,0
BRDA:24,0,1,0
BRDA:24,1,0,0
BRDA:24,1,1,0
BRF:4
BRH:0
end_of_record
TN:
SF:/Users/egormatiushkin/Develop/Study/GBVue/dist/js/webpack:/node_modules/core-js/internals/classof-raw.js
FN:1,(anonymous_1191)
FN:3,(anonymous_1192)
FNF:2
FNH:0
FNDA:0,(anonymous_1191)
FNDA:0,(anonymous_1192)
DA:1,0
DA:3,0
DA:4,0
LF:3
LH:0
BRF:0
BRH:0
end_of_record
TN:
SF:/Users/egormatiushkin/Develop/Study/GBVue/dist/js/webpack:/node_modules/core-js/internals/classof.js
FN:1,(anonymous_1315)
FN:7,(anonymous_1316)
FN:10,(anonymous_1317)
FN:17,(anonymous_1318)
FNF:4
FNH:0
FNDA:0,(anonymous_1315)
FNDA:0,(anonymous_1316)
FNDA:0,(anonymous_1317)
FNDA:0,(anonymous_1318)
DA:1,0
DA:2,0
DA:3,0
DA:5,0
DA:7,0
DA:10,0
DA:11,0
DA:12,0
DA:17,0
DA:19,0
LF:10
LH:0
BRDA:17,0,0,0
BRDA:17,0,1,0
BRDA:19,1,0,0
BRDA:19,1,1,0
BRDA:19,2,0,0
BRDA:19,2,1,0
BRDA:21,3,0,0
BRDA:21,3,1,0
BRDA:23,4,0,0
BRDA:23,4,1,0
BRDA:25,5,0,0
BRDA:25,5,1,0
BRDA:25,6,0,0
BRDA:25,6,1,0
BRF:14
BRH:0
end_of_record
TN:
SF:/Users/egormatiushkin/Develop/Study/GBVue/dist/js/webpack:/node_modules/core-js/internals/copy-constructor-properties.js
FN:1,(anonymous_1305)
FN:6,(anonymous_1306)
FNF:2
FNH:0
FNDA:0,(anonymous_1305)
FNDA:0,(anonymous_1306)
DA:1,0
DA:2,0
DA:3,0
DA:4,0
DA:6,0
DA:7,0
DA:8,0
DA:9,0
DA:10,0
DA:11,0
DA:12,0
LF:11
LH:0
BRDA:12,0,0,0
BRDA:12,0,1,0
BRF:2
BRH:0
end_of_record
TN:
SF:/Users/egormatiushkin/Develop/Study/GBVue/dist/js/webpack:/node_modules/core-js/internals/correct-prototype-getter.js
FN:1,(anonymous_1250)
FN:3,(anonymous_1251)
FN:4,t
FNF:3
FNH:0
FNDA:0,(anonymous_1250)
FNDA:0,(anonymous_1251)
FNDA:0,t
DA:1,0
DA:3,0
DA:7,0
LF:3
LH:0
BRF:0
BRH:0
end_of_record
TN:
SF:/Users/egormatiushkin/Develop/Study/GBVue/dist/js/webpack:/node_modules/core-js/internals/create-iterator-constructor.js
FN:2,(anonymous_1102)
FN:8,(anonymous_1103)
FN:10,(anonymous_1104)
FNF:3
FNH:0
FNDA:0,(anonymous_1102)
FNDA:0,(anonymous_1103)
FNDA:0,(anonymous_1104)
DA:2,0
DA:3,0
DA:4,0
DA:5,0
DA:6,0
DA:8,0
DA:10,0
DA:11,0
DA:15,0
LF:9
LH:0
BRF:0
BRH:0
end_of_record
TN:
SF:/Users/egormatiushkin/Develop/Study/GBVue/dist/js/webpack:/node_modules/core-js/internals/create-non-enumerable-property.js
FN:1,(anonymous_1082)
FN:5,(anonymous_1083)
FN:7,(anonymous_1084)
FNF:3
FNH:0
FNDA:0,(anonymous_1082)
FNDA:0,(anonymous_1083)
FNDA:0,(anonymous_1084)
DA:1,0
DA:2,0
DA:3,0
DA:5,0
DA:6,0
DA:9,0
LF:6
LH:0
BRDA:5,0,0,0
BRDA:5,0,1,0
BRF:2
BRH:0
end_of_record
TN:
SF:/Users/egormatiushkin/Develop/Study/GBVue/dist/js/webpack:/node_modules/core-js/internals/create-property-descriptor.js
FN:1,(anonymous_770)
FN:1,(anonymous_771)
FNF:2
FNH:0
FNDA:0,(anonymous_770)
FNDA:0,(anonymous_771)
DA:1,0
DA:2,0
LF:2
LH:0
BRF:0
BRH:0
end_of_record
TN:
SF:/Users/egormatiushkin/Develop/Study/GBVue/dist/js/webpack:/node_modules/core-js/internals/create-property.js
FN:2,(anonymous_826)
FN:6,(anonymous_827)
FNF:2
FNH:0
FNDA:0,(anonymous_826)
FNDA:0,(anonymous_827)
DA:2,0
DA:3,0
DA:4,0
DA:6,0
DA:7,0
DA:8,0
LF:6
LH:0
BRDA:8,0,0,0
BRDA:8,0,1,0
BRF:2
BRH:0
end_of_record
TN:
SF:/Users/egormatiushkin/Develop/Study/GBVue/dist/js/webpack:/node_modules/core-js/internals/define-iterator.js
FN:2,(anonymous_811)
FN:21,(anonymous_812)
FN:23,(anonymous_813)
FN:26,(anonymous_814)
FN:30,(anonymous_815)
FN:31,(anonymous_816)
FN:32,(anonymous_817)
FN:33,(anonymous_818)
FN:66,(anonymous_819)
FNF:9
FNH:0
FNDA:0,(anonymous_811)
FNDA:0,(anonymous_812)
FNDA:0,(anonymous_813)
FNDA:0,(anonymous_814)
FNDA:0,(anonymous_815)
FNDA:0,(anonymous_816)
FNDA:0,(anonymous_817)
FNDA:0,(anonymous_818)
FNDA:0,(anonymous_819)
DA:2,0
DA:3,0
DA:4,0
DA:5,0
DA:6,0
DA:7,0
DA:8,0
DA:9,0
DA:10,0
DA:11,0
DA:12,0
DA:14,0
DA:15,0
DA:16,0
DA:17,0
DA:18,0
DA:19,0
DA:21,0
DA:23,0
DA:24,0
DA:26,0
DA:27,0
DA:28,0
DA:29,0
DA:30,0
DA:31,0
DA:32,0
DA:33,0
DA:36,0
DA:37,0
DA:38,0
DA:39,0
DA:42,0
DA:43,0
DA:66,0
DA:76,0
DA:82,0
DA:86,0
DA:89,0
LF:39
LH:0
BRDA:27,0,0,0
BRDA:27,0,1,0
BRDA:27,1,0,0
BRDA:27,1,1,0
BRDA:28,2,0,0
BRDA:28,2,1,0
BRDA:28,3,0,0
BRDA:28,3,1,0
BRDA:30,4,0,0
BRDA:30,4,1,0
BRDA:30,4,2,0
BRDA:39,5,0,0
BRDA:39,5,1,0
BRDA:39,5,2,0
BRDA:39,5,3,0
BRDA:42,6,0,0
BRDA:42,6,1,0
BRDA:42,6,2,0
BRDA:43,7,0,0
BRDA:43,7,1,0
BRDA:43,7,2,0
BRDA:76,8,0,0
BRDA:76,8,1,0
BRDA:47,9,0,0
BRDA:47,9,1,0
BRDA:49,10,0,0
BRDA:49,10,1,0
BRDA:49,10,2,0
BRDA:50,11,0,0
BRDA:50,11,1,0
BRDA:50,11,2,0
BRDA:52,12,0,0
BRDA:52,12,1,0
BRDA:53,13,0,0
BRDA:53,13,1,0
BRDA:59,14,0,0
BRDA:59,14,1,0
BRDA:64,15,0,0
BRDA:64,15,1,0
BRDA:64,15,2,0
BRDA:64,15,3,0
BRDA:70,16,0,0
BRDA:70,16,1,0
BRDA:70,16,2,0
BRDA:70,16,3,0
BRDA:82,17,0,0
BRDA:82,17,1,0
BRDA:79,18,0,0
BRDA:79,18,1,0
BRDA:83,19,0,0
BRDA:83,19,1,0
BRDA:83,19,2,0
BRDA:83,19,3,0
BRDA:86,20,0,0
BRDA:86,20,1,0
BRF:55
BRH:0
end_of_record
TN:
SF:/Users/egormatiushkin/Develop/Study/GBVue/dist/js/webpack:/node_modules/core-js/internals/define-well-known-symbol.js
FN:1,(anonymous_798)
FN:6,(anonymous_799)
FNF:2
FNH:0
FNDA:0,(anonymous_798)
FNDA:0,(anonymous_799)
DA:1,0
DA:2,0
DA:3,0
DA:4,0
DA:6,0
DA:7,0
DA:8,0
LF:7
LH:0
BRDA:7,0,0,0
BRDA:7,0,1,0
BRDA:8,1,0,0
BRDA:8,1,1,0
BRF:4
BRH:0
end_of_record
TN:
SF:/Users/egormatiushkin/Develop/Study/GBVue/dist/js/webpack:/node_modules/core-js/internals/descriptors.js
FN:1,(anonymous_823)
FN:4,(anonymous_824)
FN:6,(anonymous_825)
FNF:3
FNH:0
FNDA:0,(anonymous_823)
FNDA:0,(anonymous_824)
FNDA:0,(anonymous_825)
DA:1,0
DA:4,0
DA:6,0
LF:3
LH:0
BRF:0
BRH:0
end_of_record
TN:
SF:/Users/egormatiushkin/Develop/Study/GBVue/dist/js/webpack:/node_modules/core-js/internals/document-create-element.js
FN:1,(anonymous_1201)
FN:8,(anonymous_1202)
FNF:2
FNH:0
FNDA:0,(anonymous_1201)
FNDA:0,(anonymous_1202)
DA:1,0
DA:2,0
DA:4,0
DA:6,0
DA:8,0
DA:9,0
LF:6
LH:0
BRDA:6,0,0,0
BRDA:6,0,1,0
BRDA:9,1,0,0
BRDA:9,1,1,0
BRF:4
BRH:0
end_of_record
TN:
SF:/Users/egormatiushkin/Develop/Study/GBVue/dist/js/webpack:/node_modules/core-js/internals/dom-iterables.js
FN:3,(anonymous_1327)
FNF:1
FNH:0
FNDA:0,(anonymous_1327)
DA:3,0
LF:1
LH:0
BRF:0
BRH:0
end_of_record
TN:
SF:/Users/egormatiushkin/Develop/Study/GBVue/dist/js/webpack:/node_modules/core-js/internals/dom-token-list-prototype.js
FN:2,(anonymous_801)
FNF:1
FNH:0
FNDA:0,(anonymous_801)
DA:2,0
DA:4,0
DA:5,0
DA:7,0
LF:4
LH:0
BRDA:5,0,0,0
BRDA:5,0,1,0
BRDA:5,0,2,0
BRDA:7,1,0,0
BRDA:7,1,1,0
BRF:5
BRH:0
end_of_record
TN:
SF:/Users/egormatiushkin/Develop/Study/GBVue/dist/js/webpack:/node_modules/core-js/internals/engine-is-browser.js
FN:1,(anonymous_773)
FNF:1
FNH:0
FNDA:0,(anonymous_773)
DA:1,0
LF:1
LH:0
BRF:0
BRH:0
end_of_record
TN:
SF:/Users/egormatiushkin/Develop/Study/GBVue/dist/js/webpack:/node_modules/core-js/internals/engine-is-ios-pebble.js
FN:1,(anonymous_1223)
FNF:1
FNH:0
FNDA:0,(anonymous_1223)
DA:1,0
DA:2,0
DA:4,0
LF:3
LH:0
BRDA:4,0,0,0
BRDA:4,0,1,0
BRF:2
BRH:0
end_of_record
TN:
SF:/Users/egormatiushkin/Develop/Study/GBVue/dist/js/webpack:/node_modules/core-js/internals/engine-is-ios.js
FN:1,(anonymous_42)
FNF:1
FNH:0
FNDA:0,(anonymous_42)
DA:1,0
DA:3,0
LF:2
LH:0
BRF:0
BRH:0
end_of_record
TN:
SF:/Users/egormatiushkin/Develop/Study/GBVue/dist/js/webpack:/node_modules/core-js/internals/engine-is-node.js
FN:1,(anonymous_772)
FNF:1
FNH:0
FNDA:0,(anonymous_772)
DA:1,0
DA:2,0
DA:4,0
LF:3
LH:0
BRF:0
BRH:0
end_of_record
TN:
SF:/Users/egormatiushkin/Develop/Study/GBVue/dist/js/webpack:/node_modules/core-js/internals/engine-is-webos-webkit.js
FN:1,(anonymous_1112)
FNF:1
FNH:0
FNDA:0,(anonymous_1112)
DA:1,0
DA:3,0
LF:2
LH:0
BRF:0
BRH:0
end_of_record
TN:
SF:/Users/egormatiushkin/Develop/Study/GBVue/dist/js/webpack:/node_modules/core-js/internals/engine-user-agent.js
FN:1,(anonymous_711)
FNF:1
FNH:0
FNDA:0,(anonymous_711)
DA:1,0
DA:3,0
LF:2
LH:0
BRDA:3,0,0,0
BRDA:3,0,1,0
BRF:2
BRH:0
end_of_record
TN:
SF:/Users/egormatiushkin/Develop/Study/GBVue/dist/js/webpack:/node_modules/core-js/internals/engine-v8-version.js
FN:1,(anonymous_562)
FNF:1
FNH:0
FNDA:0,(anonymous_562)
DA:1,0
DA:2,0
DA:4,0
DA:5,0
DA:6,0
DA:7,0
DA:10,0
LF:7
LH:0
BRDA:6,0,0,0
BRDA:6,0,1,0
BRDA:6,0,2,0
BRDA:6,0,3,0
BRDA:7,1,0,0
BRDA:7,1,1,0
BRDA:11,2,0,0
BRDA:11,2,1,0
BRDA:12,3,0,0
BRDA:12,3,1,0
BRDA:13,4,0,0
BRDA:13,4,1,0
BRDA:14,5,0,0
BRDA:14,5,1,0
BRDA:14,5,2,0
BRDA:17,6,0,0
BRDA:17,6,1,0
BRDA:21,7,0,0
BRDA:21,7,1,0
BRF:19
BRH:0
end_of_record
TN:
SF:/Users/egormatiushkin/Develop/Study/GBVue/dist/js/webpack:/node_modules/core-js/internals/enum-bug-keys.js
FN:2,(anonymous_800)
FNF:1
FNH:0
FNDA:0,(anonymous_800)
DA:2,0
LF:1
LH:0
BRF:0
BRH:0
end_of_record
TN:
SF:/Users/egormatiushkin/Develop/Study/GBVue/dist/js/webpack:/node_modules/core-js/internals/export.js
FN:1,(anonymous_56)
FN:23,(anonymous_57)
FNF:2
FNH:0
FNDA:0,(anonymous_56)
FNDA:0,(anonymous_57)
DA:1,0
DA:2,0
DA:3,0
DA:4,0
DA:5,0
DA:6,0
DA:7,0
DA:23,0
DA:24,0
DA:25,0
DA:26,0
DA:35,0
DA:43,0
DA:44,0
DA:45,0
LF:15
LH:0
BRDA:35,0,0,0
BRDA:35,0,1,0
BRDA:29,1,0,0
BRDA:29,1,1,0
BRDA:31,2,0,0
BRDA:31,2,1,0
BRDA:31,3,0,0
BRDA:31,3,1,0
BRDA:33,4,0,0
BRDA:33,4,1,0
BRDA:43,5,0,0
BRDA:43,5,1,0
BRDA:38,6,0,0
BRDA:38,6,1,0
BRDA:39,7,0,0
BRDA:39,7,1,0
BRDA:41,8,0,0
BRDA:41,8,1,0
BRDA:41,9,0,0
BRDA:41,9,1,0
BRDA:41,10,0,0
BRDA:41,10,1,0
BRDA:44,11,0,0
BRDA:44,11,1,0
BRDA:48,12,0,0
BRDA:48,12,1,0
BRDA:48,12,2,0
BRDA:48,12,3,0
BRF:28
BRH:0
end_of_record
TN:
SF:/Users/egormatiushkin/Develop/Study/GBVue/dist/js/webpack:/node_modules/core-js/internals/fails.js
FN:1,(anonymous_1209)
FN:1,(anonymous_1210)
FNF:2
FNH:0
FNDA:0,(anonymous_1209)
FNDA:0,(anonymous_1210)
DA:1,0
DA:2,0
DA:3,0
DA:5,0
LF:4
LH:0
BRF:0
BRH:0
end_of_record
TN:
SF:/Users/egormatiushkin/Develop/Study/GBVue/dist/js/webpack:/node_modules/core-js/internals/fix-regexp-well-known-symbol-logic.js
FN:3,(anonymous_1224)
FN:13,(anonymous_1225)
FN:16,(anonymous_1226)
FN:19,(anonymous_1227)
FN:23,(anonymous_1228)
FN:36,(anonymous_1229)
FN:41,(anonymous_1230)
FN:53,(anonymous_1231)
FNF:8
FNH:0
FNDA:0,(anonymous_1224)
FNDA:0,(anonymous_1225)
FNDA:0,(anonymous_1226)
FNDA:0,(anonymous_1227)
FNDA:0,(anonymous_1228)
FNDA:0,(anonymous_1229)
FNDA:0,(anonymous_1230)
FNDA:0,(anonymous_1231)
DA:3,0
DA:4,0
DA:5,0
DA:6,0
DA:7,0
DA:8,0
DA:10,0
DA:11,0
DA:13,0
DA:14,0
DA:16,0
DA:18,0
DA:19,0
DA:20,0
DA:23,0
DA:25,0
DA:26,0
DA:36,0
DA:41,0
DA:44,0
DA:47,0
DA:52,0
DA:53,0
DA:54,0
DA:55,0
DA:67,0
DA:71,0
LF:27
LH:0
BRDA:23,0,0,0
BRDA:23,0,1,0
BRDA:28,1,0,0
BRDA:28,1,1,0
BRDA:47,2,0,0
BRDA:47,2,1,0
BRDA:47,3,0,0
BRDA:47,3,1,0
BRDA:47,3,2,0
BRDA:56,4,0,0
BRDA:56,4,1,0
BRDA:55,5,0,0
BRDA:55,5,1,0
BRDA:60,6,0,0
BRDA:60,6,1,0
BRDA:56,7,0,0
BRDA:56,7,1,0
BRDA:71,8,0,0
BRDA:71,8,1,0
BRF:19
BRH:0
end_of_record
TN:
SF:/Users/egormatiushkin/Develop/Study/GBVue/dist/js/webpack:/node_modules/core-js/internals/function-bind-context.js
FN:1,(anonymous_1)
FN:4,(anonymous_2)
FN:8,(anonymous_3)
FN:11,(anonymous_4)
FN:14,(anonymous_5)
FN:17,(anonymous_6)
FN:21,(anonymous_7)
FNF:7
FNH:0
FNDA:0,(anonymous_1)
FNDA:0,(anonymous_2)
FNDA:0,(anonymous_3)
FNDA:0,(anonymous_4)
FNDA:0,(anonymous_5)
FNDA:0,(anonymous_6)
FNDA:0,(anonymous_7)
DA:1,0
DA:4,0
DA:6,0
DA:7,0
DA:8,0
DA:9,0
DA:11,0
DA:12,0
DA:14,0
DA:15,0
DA:17,0
DA:18,0
DA:21,0
DA:22,0
LF:14
LH:0
BRDA:6,0,0,0
BRDA:6,0,1,0
BRDA:8,1,0,0
BRDA:8,1,1,0
BRDA:8,1,2,0
BRDA:8,1,3,0
BRF:6
BRH:0
end_of_record
TN:
SF:/Users/egormatiushkin/Develop/Study/GBVue/dist/js/webpack:/node_modules/core-js/internals/get-built-in.js
FN:1,(anonymous_1211)
FN:3,(anonymous_1212)
FN:7,(anonymous_1213)
FNF:3
FNH:0
FNDA:0,(anonymous_1211)
FNDA:0,(anonymous_1212)
FNDA:0,(anonymous_1213)
DA:1,0
DA:3,0
DA:4,0
DA:7,0
DA:8,0
LF:5
LH:0
BRDA:4,0,0,0
BRDA:4,0,1,0
BRDA:8,1,0,0
BRDA:8,1,1,0
BRDA:8,2,0,0
BRDA:8,2,1,0
BRF:6
BRH:0
end_of_record
TN:
SF:/Users/egormatiushkin/Develop/Study/GBVue/dist/js/webpack:/node_modules/core-js/internals/get-iterator-method.js
FN:1,(anonymous_712)
FN:7,(anonymous_713)
FNF:2
FNH:0
FNDA:0,(anonymous_712)
FNDA:0,(anonymous_713)
DA:1,0
DA:2,0
DA:3,0
DA:5,0
DA:7,0
DA:8,0
LF:6
LH:0
BRDA:8,0,0,0
BRDA:8,0,1,0
BRDA:8,1,0,0
BRDA:8,1,1,0
BRDA:8,1,2,0
BRF:5
BRH:0
end_of_record
TN:
SF:/Users/egormatiushkin/Develop/Study/GBVue/dist/js/webpack:/node_modules/core-js/internals/get-iterator.js
FN:1,(anonymous_1096)
FN:4,(anonymous_1097)
FNF:2
FNH:0
FNDA:0,(anonymous_1096)
FNDA:0,(anonymous_1097)
DA:1,0
DA:2,0
DA:4,0
DA:5,0
DA:6,0
DA:7,0
DA:8,0
LF:7
LH:0
BRDA:5,0,0,0
BRDA:5,0,1,0
BRDA:6,1,0,0
BRDA:6,1,1,0
BRF:4
BRH:0
end_of_record
TN:
SF:/Users/egormatiushkin/Develop/Study/GBVue/dist/js/webpack:/node_modules/core-js/internals/get-substitution.js
FN:1,(anonymous_15)
FN:10,(anonymous_16)
FN:18,(anonymous_17)
FNF:3
FNH:0
FNDA:0,(anonymous_15)
FNDA:0,(anonymous_16)
FNDA:0,(anonymous_17)
DA:1,0
DA:3,0
DA:4,0
DA:5,0
DA:6,0
DA:10,0
DA:11,0
DA:12,0
DA:13,0
DA:18,0
DA:20,0
DA:21,0
DA:22,0
DA:23,0
DA:24,0
DA:26,0
DA:27,0
DA:29,0
DA:30,0
DA:31,0
DA:32,0
DA:33,0
DA:37,0
DA:39,0
LF:24
LH:0
BRDA:18,0,0,0
BRDA:18,0,1,0
BRDA:21,1,0,0
BRDA:21,1,1,0
BRDA:21,1,2,0
BRDA:21,1,3,0
BRDA:21,1,4,0
BRDA:21,1,5,0
BRDA:30,2,0,0
BRDA:30,2,1,0
BRDA:31,3,0,0
BRDA:31,3,1,0
BRDA:33,4,0,0
BRDA:33,4,1,0
BRDA:34,5,0,0
BRDA:34,5,1,0
BRDA:34,6,0,0
BRDA:34,6,1,0
BRDA:39,7,0,0
BRDA:39,7,1,0
BRF:20
BRH:0
end_of_record
TN:
SF:/Users/egormatiushkin/Develop/Study/GBVue/dist/js/webpack:/node_modules/core-js/internals/global.js
FN:1,(anonymous_1236)
FN:14,(anonymous_1238)
FNF:2
FNH:0
FNDA:0,(anonymous_1236)
FNDA:0,(anonymous_1238)
DA:1,0
DA:2,0
DA:6,0
DA:14,0
LF:4
LH:0
BRDA:2,0,0,0
BRDA:2,0,1,0
BRDA:2,0,2,0
BRDA:8,1,0,0
BRDA:8,1,1,0
BRDA:8,1,2,0
BRDA:8,1,3,0
BRDA:8,1,4,0
BRDA:8,1,5,0
BRDA:8,2,0,0
BRDA:8,2,1,0
BRDA:9,3,0,0
BRDA:9,3,1,0
BRDA:11,4,0,0
BRDA:11,4,1,0
BRDA:12,5,0,0
BRDA:12,5,1,0
BRF:17
BRH:0
end_of_record
TN:
SF:/Users/egormatiushkin/Develop/Study/GBVue/dist/js/webpack:/node_modules/core-js/internals/has.js
FN:1,(anonymous_745)
FN:5,(anonymous_746)
FNF:2
FNH:0
FNDA:0,(anonymous_745)
FNDA:0,(anonymous_746)
DA:1,0
DA:3,0
DA:5,0
DA:6,0
LF:4
LH:0
BRDA:5,0,0,0
BRDA:5,0,1,0
BRF:2
BRH:0
end_of_record
TN:
SF:/Users/egormatiushkin/Develop/Study/GBVue/dist/js/webpack:/node_modules/core-js/internals/hidden-keys.js
FN:1,(anonymous_1208)
FNF:1
FNH:0
FNDA:0,(anonymous_1208)
DA:1,0
LF:1
LH:0
BRF:0
BRH:0
end_of_record
TN:
SF:/Users/egormatiushkin/Develop/Study/GBVue/dist/js/webpack:/node_modules/core-js/internals/host-report-errors.js
FN:1,(anonymous_728)
FN:3,(anonymous_729)
FNF:2
FNH:0
FNDA:0,(anonymous_728)
FNDA:0,(anonymous_729)
DA:1,0
DA:3,0
DA:4,0
DA:5,0
LF:4
LH:0
BRDA:5,0,0,0
BRDA:5,0,1,0
BRDA:5,0,2,0
BRDA:6,1,0,0
BRDA:6,1,1,0
BRF:5
BRH:0
end_of_record
TN:
SF:/Users/egormatiushkin/Develop/Study/GBVue/dist/js/webpack:/node_modules/core-js/internals/html.js
FN:1,(anonymous_31)
FNF:1
FNH:0
FNDA:0,(anonymous_31)
DA:1,0
DA:3,0
LF:2
LH:0
BRF:0
BRH:0
end_of_record
TN:
SF:/Users/egormatiushkin/Develop/Study/GBVue/dist/js/webpack:/node_modules/core-js/internals/ie8-dom-define.js
FN:1,(anonymous_18)
FN:6,(anonymous_19)
FN:9,(anonymous_20)
FNF:3
FNH:0
FNDA:0,(anonymous_18)
FNDA:0,(anonymous_19)
FNDA:0,(anonymous_20)
DA:1,0
DA:2,0
DA:3,0
DA:6,0
DA:8,0
DA:9,0
LF:6
LH:0
BRDA:6,0,0,0
BRDA:6,0,1,0
BRF:2
BRH:0
end_of_record
TN:
SF:/Users/egormatiushkin/Develop/Study/GBVue/dist/js/webpack:/node_modules/core-js/internals/indexed-object.js
FN:1,(anonymous_723)
FN:7,(anonymous_724)
FN:11,(anonymous_725)
FNF:3
FNH:0
FNDA:0,(anonymous_723)
FNDA:0,(anonymous_724)
FNDA:0,(anonymous_725)
DA:1,0
DA:2,0
DA:4,0
DA:7,0
DA:10,0
DA:12,0
LF:6
LH:0
BRDA:11,0,0,0
BRDA:11,0,1,0
BRDA:12,1,0,0
BRDA:12,1,1,0
BRF:4
BRH:0
end_of_record
TN:
SF:/Users/egormatiushkin/Develop/Study/GBVue/dist/js/webpack:/node_modules/core-js/internals/inspect-source.js
FN:1,(anonymous_830)
FN:7,(anonymous_831)
FNF:2
FNH:0
FNDA:0,(anonymous_830)
FNDA:0,(anonymous_831)
DA:1,0
DA:3,0
DA:6,0
DA:8,0
LF:4
LH:0
BRDA:6,0,0,0
BRDA:6,0,1,0
BRF:2
BRH:0
end_of_record
TN:
SF:/Users/egormatiushkin/Develop/Study/GBVue/dist/js/webpack:/node_modules/core-js/internals/internal-state.js
FN:1,(anonymous_784)
FN:14,(anonymous_785)
FN:18,(anonymous_786)
FN:19,(anonymous_787)
FN:32,(anonymous_788)
FN:38,(anonymous_789)
FN:41,(anonymous_790)
FN:47,(anonymous_791)
FN:53,(anonymous_792)
FN:56,(anonymous_793)
FNF:10
FNH:0
FNDA:0,(anonymous_784)
FNDA:0,(anonymous_785)
FNDA:0,(anonymous_786)
FNDA:0,(anonymous_787)
FNDA:0,(anonymous_788)
FNDA:0,(anonymous_789)
FNDA:0,(anonymous_790)
FNDA:0,(anonymous_791)
FNDA:0,(anonymous_792)
FNDA:0,(anonymous_793)
DA:1,0
DA:2,0
DA:3,0
DA:4,0
DA:5,0
DA:6,0
DA:7,0
DA:8,0
DA:10,0
DA:11,0
DA:14,0
DA:15,0
DA:18,0
DA:19,0
DA:21,0
DA:22,0
DA:23,0
DA:27,0
DA:28,0
DA:29,0
DA:30,0
DA:31,0
DA:32,0
DA:33,0
DA:36,0
DA:39,0
DA:42,0
DA:45,0
DA:46,0
DA:48,0
DA:51,0
DA:54,0
DA:57,0
DA:61,0
LF:34
LH:0
BRDA:15,0,0,0
BRDA:15,0,1,0
BRDA:21,1,0,0
BRDA:21,1,1,0
BRDA:21,2,0,0
BRDA:21,2,1,0
BRDA:27,3,0,0
BRDA:27,3,1,0
BRDA:27,4,0,0
BRDA:27,4,1,0
BRDA:28,5,0,0
BRDA:28,5,1,0
BRDA:33,6,0,0
BRDA:33,6,1,0
BRDA:39,7,0,0
BRDA:39,7,1,0
BRDA:48,8,0,0
BRDA:48,8,1,0
BRDA:54,9,0,0
BRDA:54,9,1,0
BRF:20
BRH:0
end_of_record
TN:
SF:/Users/egormatiushkin/Develop/Study/GBVue/dist/js/webpack:/node_modules/core-js/internals/is-array-iterator-method.js
FN:1,(anonymous_1309)
FN:8,(anonymous_1310)
FNF:2
FNH:0
FNDA:0,(anonymous_1309)
FNDA:0,(anonymous_1310)
DA:1,0
DA:2,0
DA:4,0
DA:5,0
DA:8,0
DA:9,0
LF:6
LH:0
BRDA:9,0,0,0
BRDA:9,0,1,0
BRDA:9,0,2,0
BRF:3
BRH:0
end_of_record
TN:
SF:/Users/egormatiushkin/Develop/Study/GBVue/dist/js/webpack:/node_modules/core-js/internals/is-array.js
FN:1,(anonymous_1307)
FN:6,(anonymous_1308)
FNF:2
FNH:0
FNDA:0,(anonymous_1307)
FNDA:0,(anonymous_1308)
DA:1,0
DA:6,0
DA:7,0
LF:3
LH:0
BRDA:6,0,0,0
BRDA:6,0,1,0
BRF:2
BRH:0
end_of_record
TN:
SF:/Users/egormatiushkin/Develop/Study/GBVue/dist/js/webpack:/node_modules/core-js/internals/is-forced.js
FN:1,(anonymous_1089)
FN:5,(anonymous_1090)
FN:13,(anonymous_1091)
FNF:3
FNH:0
FNDA:0,(anonymous_1089)
FNDA:0,(anonymous_1090)
FNDA:0,(anonymous_1091)
DA:1,0
DA:3,0
DA:5,0
DA:6,0
DA:7,0
DA:13,0
DA:14,0
DA:17,0
DA:18,0
DA:19,0
DA:21,0
LF:11
LH:0
BRDA:7,0,0,0
BRDA:7,0,1,0
BRDA:7,0,2,0
BRDA:9,1,0,0
BRDA:9,1,1,0
BRF:5
BRH:0
end_of_record
TN:
SF:/Users/egormatiushkin/Develop/Study/GBVue/dist/js/webpack:/node_modules/core-js/internals/is-object.js
FN:1,(anonymous_828)
FN:1,(anonymous_829)
FNF:2
FNH:0
FNDA:0,(anonymous_828)
FNDA:0,(anonymous_829)
DA:1,0
DA:2,0
LF:2
LH:0
BRDA:2,0,0,0
BRDA:2,0,1,0
BRF:2
BRH:0
end_of_record
TN:
SF:/Users/egormatiushkin/Develop/Study/GBVue/dist/js/webpack:/node_modules/core-js/internals/is-pure.js
FN:1,(anonymous_1190)
FNF:1
FNH:0
FNDA:0,(anonymous_1190)
DA:1,0
LF:1
LH:0
BRF:0
BRH:0
end_of_record
TN:
SF:/Users/egormatiushkin/Develop/Study/GBVue/dist/js/webpack:/node_modules/core-js/internals/is-symbol.js
FN:1,(anonymous_1232)
FN:4,(anonymous_1233)
FN:6,(anonymous_1234)
FNF:3
FNH:0
FNDA:0,(anonymous_1232)
FNDA:0,(anonymous_1233)
FNDA:0,(anonymous_1234)
DA:1,0
DA:2,0
DA:4,0
DA:5,0
DA:7,0
DA:8,0
LF:6
LH:0
BRDA:4,0,0,0
BRDA:4,0,1,0
BRDA:8,1,0,0
BRDA:8,1,1,0
BRF:4
BRH:0
end_of_record
TN:
SF:/Users/egormatiushkin/Develop/Study/GBVue/dist/js/webpack:/node_modules/core-js/internals/iterate.js
FN:1,(anonymous_49)
FN:9,(anonymous_50)
FN:14,(anonymous_51)
FN:22,(anonymous_52)
FN:27,(anonymous_53)
FNF:5
FNH:0
FNDA:0,(anonymous_49)
FNDA:0,(anonymous_50)
FNDA:0,(anonymous_51)
FNDA:0,(anonymous_52)
FNDA:0,(anonymous_53)
DA:1,0
DA:2,0
DA:3,0
DA:4,0
DA:5,0
DA:6,0
DA:7,0
DA:9,0
DA:10,0
DA:14,0
DA:15,0
DA:16,0
DA:17,0
DA:18,0
DA:19,0
DA:22,0
DA:24,0
DA:27,0
DA:28,0
DA:34,0
DA:35,0
DA:38,0
DA:40,0
DA:41,0
DA:43,0
DA:44,0
DA:46,0
DA:49,0
DA:50,0
DA:51,0
DA:52,0
DA:54,0
DA:56,0
DA:57,0
LF:34
LH:0
BRDA:15,0,0,0
BRDA:15,0,1,0
BRDA:16,1,0,0
BRDA:16,1,1,0
BRDA:17,2,0,0
BRDA:17,2,1,0
BRDA:18,3,0,0
BRDA:18,3,1,0
BRDA:23,4,0,0
BRDA:23,4,1,0
BRDA:29,5,0,0
BRDA:29,5,1,0
BRDA:30,6,0,0
BRDA:30,6,1,0
BRDA:31,7,0,0
BRDA:31,7,1,0
BRDA:34,8,0,0
BRDA:34,8,1,0
BRDA:38,9,0,0
BRDA:38,9,1,0
BRDA:40,10,0,0
BRDA:40,10,1,0
BRDA:43,11,0,0
BRDA:43,11,1,0
BRDA:43,12,0,0
BRDA:43,12,1,0
BRDA:56,13,0,0
BRDA:56,13,1,0
BRDA:56,14,0,0
BRDA:56,14,1,0
BRDA:56,14,2,0
BRF:31
BRH:0
end_of_record
TN:
SF:/Users/egormatiushkin/Develop/Study/GBVue/dist/js/webpack:/node_modules/core-js/internals/iterator-close.js
FN:1,(anonymous_77)
FN:3,(anonymous_78)
FNF:2
FNH:0
FNDA:0,(anonymous_77)
FNDA:0,(anonymous_78)
DA:1,0
DA:3,0
DA:5,0
DA:6,0
DA:8,0
DA:9,0
DA:10,0
DA:12,0
DA:14,0
DA:17,0
DA:18,0
DA:20,0
LF:12
LH:0
BRDA:8,0,0,0
BRDA:8,0,1,0
BRDA:9,1,0,0
BRDA:9,1,1,0
BRDA:17,2,0,0
BRDA:17,2,1,0
BRDA:18,3,0,0
BRDA:18,3,1,0
BRF:8
BRH:0
end_of_record
TN:
SF:/Users/egormatiushkin/Develop/Study/GBVue/dist/js/webpack:/node_modules/core-js/internals/iterators-core.js
FN:2,(anonymous_1164)
FN:27,(anonymous_1165)
FN:39,(anonymous_1166)
FNF:3
FNH:0
FNDA:0,(anonymous_1164)
FNDA:0,(anonymous_1165)
FNDA:0,(anonymous_1166)
DA:2,0
DA:3,0
DA:4,0
DA:5,0
DA:6,0
DA:7,0
DA:9,0
DA:10,0
DA:17,0
DA:27,0
DA:28,0
DA:30,0
DA:33,0
DA:40,0
LF:14
LH:0
BRDA:17,0,0,0
BRDA:17,0,1,0
BRDA:22,1,0,0
BRDA:22,1,1,0
BRDA:23,2,0,0
BRDA:23,2,1,0
BRDA:27,3,0,0
BRDA:27,3,1,0
BRDA:33,4,0,0
BRDA:33,4,1,0
BRDA:34,5,0,0
BRDA:34,5,1,0
BRDA:38,6,0,0
BRDA:38,6,1,0
BRF:14
BRH:0
end_of_record
TN:
SF:/Users/egormatiushkin/Develop/Study/GBVue/dist/js/webpack:/node_modules/core-js/internals/iterators.js
FN:1,(anonymous_721)
FNF:1
FNH:0
FNDA:0,(anonymous_721)
DA:1,0
LF:1
LH:0
BRF:0
BRH:0
end_of_record
TN:
SF:/Users/egormatiushkin/Develop/Study/GBVue/dist/js/webpack:/node_modules/core-js/internals/microtask.js
FN:1,(anonymous_1171)
FN:21,(anonymous_1172)
FN:54,(anonymous_1173)
FN:59,(anonymous_1174)
FN:69,(anonymous_1175)
FN:44,(anonymous_1176)
FN:76,(anonymous_1177)
FNF:7
FNH:0
FNDA:0,(anonymous_1171)
FNDA:0,(anonymous_1172)
FNDA:0,(anonymous_1173)
FNDA:0,(anonymous_1174)
FNDA:0,(anonymous_1175)
FNDA:0,(anonymous_1176)
FNDA:0,(anonymous_1177)
DA:1,0
DA:2,0
DA:3,0
DA:4,0
DA:5,0
DA:6,0
DA:7,0
DA:9,0
DA:10,0
DA:11,0
DA:12,0
DA:14,0
DA:15,0
DA:20,0
DA:23,0
DA:24,0
DA:25,0
DA:27,0
DA:28,0
DA:32,0
DA:34,0
DA:45,0
DA:55,0
DA:60,0
DA:71,0
DA:77,0
DA:78,0
LF:27
LH:0
BRDA:9,0,0,0
BRDA:9,0,1,0
BRDA:15,1,0,0
BRDA:15,1,1,0
BRDA:20,2,0,0
BRDA:20,2,1,0
BRDA:23,3,0,0
BRDA:23,3,1,0
BRDA:23,3,2,0
BRDA:30,4,0,0
BRDA:30,4,1,0
BRDA:35,5,0,0
BRDA:35,5,1,0
BRDA:40,6,0,0
BRDA:40,6,1,0
BRDA:40,7,0,0
BRDA:40,7,1,0
BRDA:40,7,2,0
BRDA:40,7,3,0
BRDA:40,7,4,0
BRDA:50,8,0,0
BRDA:50,8,1,0
BRDA:40,9,0,0
BRDA:40,9,1,0
BRDA:40,9,2,0
BRDA:59,10,0,0
BRDA:59,10,1,0
BRDA:76,11,0,0
BRDA:76,11,1,0
BRDA:78,12,0,0
BRDA:78,12,1,0
BRDA:79,13,0,0
BRDA:79,13,1,0
BRF:33
BRH:0
end_of_record
TN:
SF:/Users/egormatiushkin/Develop/Study/GBVue/dist/js/webpack:/node_modules/core-js/internals/native-promise-constructor.js
FN:1,(anonymous_1329)
FNF:1
FNH:0
FNDA:0,(anonymous_1329)
DA:1,0
DA:3,0
LF:2
LH:0
BRF:0
BRH:0
end_of_record
TN:
SF:/Users/egormatiushkin/Develop/Study/GBVue/dist/js/webpack:/node_modules/core-js/internals/native-symbol.js
FN:2,(anonymous_734)
FN:6,(anonymous_735)
FNF:2
FNH:0
FNDA:0,(anonymous_734)
FNDA:0,(anonymous_735)
DA:2,0
DA:3,0
DA:6,0
DA:7,0
DA:10,0
LF:5
LH:0
BRDA:6,0,0,0
BRDA:6,0,1,0
BRDA:10,1,0,0
BRDA:10,1,1,0
BRDA:10,1,2,0
BRDA:10,1,3,0
BRDA:10,1,4,0
BRF:7
BRH:0
end_of_record
TN:
SF:/Users/egormatiushkin/Develop/Study/GBVue/dist/js/webpack:/node_modules/core-js/internals/native-weak-map.js
FN:1,(anonymous_820)
FNF:1
FNH:0
FNDA:0,(anonymous_820)
DA:1,0
DA:2,0
DA:4,0
DA:6,0
LF:4
LH:0
BRDA:6,0,0,0
BRDA:6,0,1,0
BRF:2
BRH:0
end_of_record
TN:
SF:/Users/egormatiushkin/Develop/Study/GBVue/dist/js/webpack:/node_modules/core-js/internals/new-promise-capability.js
FN:2,(anonymous_1311)
FN:4,(anonymous_1312)
FN:6,(anonymous_1313)
FN:17,(anonymous_1314)
FNF:4
FNH:0
FNDA:0,(anonymous_1311)
FNDA:0,(anonymous_1312)
FNDA:0,(anonymous_1313)
FNDA:0,(anonymous_1314)
DA:2,0
DA:4,0
DA:6,0
DA:7,0
DA:8,0
DA:17,0
DA:18,0
LF:7
LH:0
BRDA:7,0,0,0
BRDA:7,0,1,0
BRDA:7,1,0,0
BRDA:7,1,1,0
BRF:4
BRH:0
end_of_record
TN:
SF:/Users/egormatiushkin/Develop/Study/GBVue/dist/js/webpack:/node_modules/core-js/internals/object-assign.js
FN:2,(anonymous_774)
FN:17,(anonymous_775)
FN:21,(anonymous_776)
FN:35,(anonymous_777)
FN:37,(anonymous_778)
FNF:5
FNH:0
FNDA:0,(anonymous_774)
FNDA:0,(anonymous_775)
FNDA:0,(anonymous_776)
FNDA:0,(anonymous_777)
FNDA:0,(anonymous_778)
DA:2,0
DA:3,0
DA:4,0
DA:5,0
DA:6,0
DA:7,0
DA:8,0
DA:11,0
DA:13,0
DA:17,0
DA:19,0
DA:22,0
DA:27,0
DA:29,0
DA:30,0
DA:32,0
DA:33,0
DA:35,0
DA:36,0
DA:38,0
DA:39,0
DA:40,0
DA:41,0
DA:42,0
DA:43,0
DA:44,0
DA:45,0
DA:46,0
DA:47,0
DA:49,0
DA:50,0
DA:53,0
LF:32
LH:0
BRDA:37,0,0,0
BRDA:37,0,1,0
BRDA:17,1,0,0
BRDA:17,1,1,0
BRDA:19,2,0,0
BRDA:19,2,1,0
BRDA:19,3,0,0
BRDA:19,3,1,0
BRDA:36,4,0,0
BRDA:36,4,1,0
BRDA:45,5,0,0
BRDA:45,5,1,0
BRDA:51,6,0,0
BRDA:51,6,1,0
BRDA:51,6,2,0
BRF:15
BRH:0
end_of_record
TN:
SF:/Users/egormatiushkin/Develop/Study/GBVue/dist/js/webpack:/node_modules/core-js/internals/object-create.js
FN:2,(anonymous_804)
FN:16,(anonymous_805)
FN:18,(anonymous_806)
FN:23,(anonymous_807)
FN:32,(anonymous_808)
FN:54,(anonymous_809)
FN:72,(anonymous_810)
FNF:7
FNH:0
FNDA:0,(anonymous_804)
FNDA:0,(anonymous_805)
FNDA:0,(anonymous_806)
FNDA:0,(anonymous_807)
FNDA:0,(anonymous_808)
FNDA:0,(anonymous_809)
FNDA:0,(anonymous_810)
DA:2,0
DA:3,0
DA:4,0
DA:5,0
DA:6,0
DA:7,0
DA:8,0
DA:10,0
DA:11,0
DA:12,0
DA:13,0
DA:14,0
DA:16,0
DA:18,0
DA:19,0
DA:23,0
DA:24,0
DA:26,0
DA:28,0
DA:32,0
DA:34,0
DA:35,0
DA:45,0
DA:54,0
DA:55,0
DA:56,0
DA:58,0
DA:63,0
DA:64,0
DA:65,0
DA:68,0
DA:81,0
LF:32
LH:0
BRDA:59,0,0,0
BRDA:59,0,1,0
BRDA:60,1,0,0
BRDA:60,1,1,0
BRDA:59,2,0,0
BRDA:59,2,1,0
BRDA:72,3,0,0
BRDA:72,3,1,0
BRDA:75,4,0,0
BRDA:75,4,1,0
BRDA:81,5,0,0
BRDA:81,5,1,0
BRF:12
BRH:0
end_of_record
TN:
SF:/Users/egormatiushkin/Develop/Study/GBVue/dist/js/webpack:/node_modules/core-js/internals/object-define-properties.js
FN:1,(anonymous_714)
FN:9,(anonymous_715)
FNF:2
FNH:0
FNDA:0,(anonymous_714)
FNDA:0,(anonymous_715)
DA:1,0
DA:2,0
DA:3,0
DA:4,0
DA:9,0
DA:10,0
DA:11,0
DA:12,0
DA:13,0
DA:15,0
DA:16,0
LF:11
LH:0
BRDA:9,0,0,0
BRDA:9,0,1,0
BRF:2
BRH:0
end_of_record
TN:
SF:/Users/egormatiushkin/Develop/Study/GBVue/dist/js/webpack:/node_modules/core-js/internals/object-define-property.js
FN:1,(anonymous_1100)
FN:11,(anonymous_1101)
FNF:2
FNH:0
FNDA:0,(anonymous_1100)
FNDA:0,(anonymous_1101)
DA:1,0
DA:2,0
DA:3,0
DA:4,0
DA:7,0
DA:11,0
DA:15,0
DA:16,0
DA:18,0
DA:20,0
LF:10
LH:0
BRDA:11,0,0,0
BRDA:11,0,1,0
BRDA:15,1,0,0
BRDA:15,1,1,0
BRDA:18,2,0,0
BRDA:18,2,1,0
BRDA:18,3,0,0
BRDA:18,3,1,0
BRDA:19,4,0,0
BRDA:19,4,1,0
BRF:10
BRH:0
end_of_record
TN:
SF:/Users/egormatiushkin/Develop/Study/GBVue/dist/js/webpack:/node_modules/core-js/internals/object-get-own-property-descriptor.js
FN:1,(anonymous_11)
FN:14,(anonymous_12)
FNF:2
FNH:0
FNDA:0,(anonymous_11)
FNDA:0,(anonymous_12)
DA:1,0
DA:2,0
DA:3,0
DA:4,0
DA:5,0
DA:6,0
DA:7,0
DA:10,0
DA:14,0
DA:17,0
DA:18,0
DA:20,0
LF:12
LH:0
BRDA:14,0,0,0
BRDA:14,0,1,0
BRDA:17,1,0,0
BRDA:17,1,1,0
BRDA:20,2,0,0
BRDA:20,2,1,0
BRF:6
BRH:0
end_of_record
TN:
SF:/Users/egormatiushkin/Develop/Study/GBVue/dist/js/webpack:/node_modules/core-js/internals/object-get-own-property-names-external.js
FN:2,(anonymous_8)
FN:10,(anonymous_9)
FN:19,(anonymous_10)
FNF:3
FNH:0
FNDA:0,(anonymous_8)
FNDA:0,(anonymous_9)
FNDA:0,(anonymous_10)
DA:2,0
DA:3,0
DA:5,0
DA:7,0
DA:10,0
DA:11,0
DA:12,0
DA:14,0
DA:19,0
DA:20,0
LF:10
LH:0
BRDA:8,0,0,0
BRDA:8,0,1,0
BRDA:7,1,0,0
BRDA:7,1,1,0
BRDA:7,1,2,0
BRDA:21,2,0,0
BRDA:21,2,1,0
BRDA:20,3,0,0
BRDA:20,3,1,0
BRF:9
BRH:0
end_of_record
TN:
SF:/Users/egormatiushkin/Develop/Study/GBVue/dist/js/webpack:/node_modules/core-js/internals/object-get-own-property-names.js
FN:1,(anonymous_58)
FN:9,(anonymous_59)
FNF:2
FNH:0
FNDA:0,(anonymous_58)
FNDA:0,(anonymous_59)
DA:1,0
DA:2,0
DA:4,0
DA:9,0
DA:10,0
LF:5
LH:0
BRDA:9,0,0,0
BRDA:9,0,1,0
BRF:2
BRH:0
end_of_record
TN:
SF:/Users/egormatiushkin/Develop/Study/GBVue/dist/js/webpack:/node_modules/core-js/internals/object-get-own-property-symbols.js
FN:2,(anonymous_797)
FNF:1
FNH:0
FNDA:0,(anonymous_797)
DA:2,0
LF:1
LH:0
BRF:0
BRH:0
end_of_record
TN:
SF:/Users/egormatiushkin/Develop/Study/GBVue/dist/js/webpack:/node_modules/core-js/internals/object-get-prototype-of.js
FN:1,(anonymous_1248)
FN:12,(anonymous_1249)
FNF:2
FNH:0
FNDA:0,(anonymous_1248)
FNDA:0,(anonymous_1249)
DA:1,0
DA:2,0
DA:3,0
DA:4,0
DA:6,0
DA:7,0
DA:12,0
DA:14,0
LF:8
LH:0
BRDA:12,0,0,0
BRDA:12,0,1,0
BRDA:14,1,0,0
BRDA:14,1,1,0
BRDA:16,2,0,0
BRDA:16,2,1,0
BRDA:15,3,0,0
BRDA:15,3,1,0
BRDA:17,4,0,0
BRDA:17,4,1,0
BRF:10
BRH:0
end_of_record
TN:
SF:/Users/egormatiushkin/Develop/Study/GBVue/dist/js/webpack:/node_modules/core-js/internals/object-keys-internal.js
FN:1,(anonymous_1199)
FN:6,(anonymous_1200)
FNF:2
FNH:0
FNDA:0,(anonymous_1199)
FNDA:0,(anonymous_1200)
DA:1,0
DA:2,0
DA:3,0
DA:4,0
DA:6,0
DA:7,0
DA:8,0
DA:9,0
DA:11,0
DA:13,0
DA:16,0
LF:11
LH:0
BRDA:11,0,0,0
BRDA:11,0,1,0
BRDA:11,0,2,0
BRDA:13,1,0,0
BRDA:13,1,1,0
BRDA:13,1,2,0
BRF:6
BRH:0
end_of_record
TN:
SF:/Users/egormatiushkin/Develop/Study/GBVue/dist/js/webpack:/node_modules/core-js/internals/object-keys.js
FN:1,(anonymous_1243)
FN:7,(anonymous_1244)
FNF:2
FNH:0
FNDA:0,(anonymous_1243)
FNDA:0,(anonymous_1244)
DA:1,0
DA:2,0
DA:7,0
DA:8,0
LF:4
LH:0
BRDA:7,0,0,0
BRDA:7,0,1,0
BRF:2
BRH:0
end_of_record
TN:
SF:/Users/egormatiushkin/Develop/Study/GBVue/dist/js/webpack:/node_modules/core-js/internals/object-property-is-enumerable.js
FN:2,(anonymous_1214)
FN:11,(anonymous_1215)
FNF:2
FNH:0
FNDA:0,(anonymous_1214)
FNDA:0,(anonymous_1215)
DA:2,0
DA:4,0
DA:7,0
DA:11,0
DA:12,0
DA:13,0
LF:6
LH:0
BRDA:7,0,0,0
BRDA:7,0,1,0
BRDA:11,1,0,0
BRDA:11,1,1,0
BRDA:13,2,0,0
BRDA:13,2,1,0
BRF:6
BRH:0
end_of_record
TN:
SF:/Users/egormatiushkin/Develop/Study/GBVue/dist/js/webpack:/node_modules/core-js/internals/object-set-prototype-of.js
FN:2,(anonymous_1217)
FN:9,(anonymous_1218)
FN:19,(anonymous_1219)
FNF:3
FNH:0
FNDA:0,(anonymous_1217)
FNDA:0,(anonymous_1218)
FNDA:0,(anonymous_1219)
DA:2,0
DA:3,0
DA:9,0
DA:10,0
DA:11,0
DA:13,0
DA:15,0
DA:19,0
DA:24,0
LF:9
LH:0
BRDA:9,0,0,0
BRDA:9,0,1,0
BRDA:9,1,0,0
BRDA:9,1,1,0
BRDA:22,2,0,0
BRDA:22,2,1,0
BRF:6
BRH:0
end_of_record
TN:
SF:/Users/egormatiushkin/Develop/Study/GBVue/dist/js/webpack:/node_modules/core-js/internals/object-to-string.js
FN:2,(anonymous_1167)
FN:7,(anonymous_1168)
FNF:2
FNH:0
FNDA:0,(anonymous_1167)
FNDA:0,(anonymous_1168)
DA:2,0
DA:3,0
DA:7,0
DA:8,0
LF:4
LH:0
BRDA:7,0,0,0
BRDA:7,0,1,0
BRF:2
BRH:0
end_of_record
TN:
SF:/Users/egormatiushkin/Develop/Study/GBVue/dist/js/webpack:/node_modules/core-js/internals/ordinary-to-primitive.js
FN:1,(anonymous_732)
FN:5,(anonymous_733)
FNF:2
FNH:0
FNDA:0,(anonymous_732)
FNDA:0,(anonymous_733)
DA:1,0
DA:5,0
DA:7,0
DA:8,0
DA:9,0
DA:10,0
LF:6
LH:0
BRDA:7,0,0,0
BRDA:7,0,1,0
BRDA:7,1,0,0
BRDA:7,1,1,0
BRDA:7,1,2,0
BRDA:8,2,0,0
BRDA:8,2,1,0
BRDA:8,3,0,0
BRDA:8,3,1,0
BRDA:9,4,0,0
BRDA:9,4,1,0
BRDA:9,5,0,0
BRDA:9,5,1,0
BRDA:9,5,2,0
BRF:14
BRH:0
end_of_record
TN:
SF:/Users/egormatiushkin/Develop/Study/GBVue/dist/js/webpack:/node_modules/core-js/internals/own-keys.js
FN:1,(anonymous_766)
FN:7,(anonymous_767)
FNF:2
FNH:0
FNDA:0,(anonymous_766)
FNDA:0,(anonymous_767)
DA:1,0
DA:2,0
DA:3,0
DA:4,0
DA:7,0
DA:8,0
DA:9,0
DA:10,0
LF:8
LH:0
BRDA:7,0,0,0
BRDA:7,0,1,0
BRDA:10,1,0,0
BRDA:10,1,1,0
BRF:4
BRH:0
end_of_record
TN:
SF:/Users/egormatiushkin/Develop/Study/GBVue/dist/js/webpack:/node_modules/core-js/internals/path.js
FN:1,(anonymous_722)
FNF:1
FNH:0
FNDA:0,(anonymous_722)
DA:1,0
DA:3,0
LF:2
LH:0
BRF:0
BRH:0
end_of_record
TN:
SF:/Users/egormatiushkin/Develop/Study/GBVue/dist/js/webpack:/node_modules/core-js/internals/perform.js
FN:1,(anonymous_1262)
FN:1,(anonymous_1263)
FNF:2
FNH:0
FNDA:0,(anonymous_1262)
FNDA:0,(anonymous_1263)
DA:1,0
DA:2,0
DA:3,0
DA:5,0
LF:4
LH:0
BRF:0
BRH:0
end_of_record
TN:
SF:/Users/egormatiushkin/Develop/Study/GBVue/dist/js/webpack:/node_modules/core-js/internals/promise-resolve.js
FN:1,(anonymous_1204)
FN:5,(anonymous_1205)
FNF:2
FNH:0
FNDA:0,(anonymous_1204)
FNDA:0,(anonymous_1205)
DA:1,0
DA:2,0
DA:3,0
DA:5,0
DA:7,0
DA:8,0
DA:9,0
DA:11,0
LF:8
LH:0
BRDA:7,0,0,0
BRDA:7,0,1,0
BRDA:7,1,0,0
BRDA:7,1,1,0
BRF:4
BRH:0
end_of_record
TN:
SF:/Users/egormatiushkin/Develop/Study/GBVue/dist/js/webpack:/node_modules/core-js/internals/redefine-all.js
FN:1,(anonymous_1256)
FN:3,(anonymous_1257)
FNF:2
FNH:0
FNDA:0,(anonymous_1256)
FNDA:0,(anonymous_1257)
DA:1,0
DA:3,0
DA:4,0
DA:5,0
LF:4
LH:0
BRF:0
BRH:0
end_of_record
TN:
SF:/Users/egormatiushkin/Develop/Study/GBVue/dist/js/webpack:/node_modules/core-js/internals/redefine.js
FN:1,(anonymous_794)
FN:12,(anonymous_795)
FN:38,(anonymous_796)
FNF:3
FNH:0
FNDA:0,(anonymous_794)
FNDA:0,(anonymous_795)
FNDA:0,(anonymous_796)
DA:1,0
DA:2,0
DA:3,0
DA:4,0
DA:5,0
DA:6,0
DA:8,0
DA:9,0
DA:10,0
DA:13,0
DA:14,0
DA:15,0
DA:17,0
DA:39,0
LF:14
LH:0
BRDA:13,0,0,0
BRDA:13,0,1,0
BRDA:14,1,0,0
BRDA:14,1,1,0
BRDA:15,2,0,0
BRDA:15,2,1,0
BRDA:17,3,0,0
BRDA:17,3,1,0
BRDA:18,4,0,0
BRDA:18,4,1,0
BRDA:18,4,2,0
BRDA:22,5,0,0
BRDA:22,5,1,0
BRDA:23,6,0,0
BRDA:23,6,1,0
BRDA:30,7,0,0
BRDA:30,7,1,0
BRDA:30,8,0,0
BRDA:30,8,1,0
BRDA:30,9,0,0
BRDA:30,9,1,0
BRDA:30,9,2,0
BRDA:35,10,0,0
BRDA:35,10,1,0
BRDA:27,11,0,0
BRDA:27,11,1,0
BRDA:39,12,0,0
BRDA:39,12,1,0
BRDA:39,12,2,0
BRF:29
BRH:0
end_of_record
TN:
SF:/Users/egormatiushkin/Develop/Study/GBVue/dist/js/webpack:/node_modules/core-js/internals/regexp-exec-abstract.js
FN:1,(anonymous_23)
FN:6,(anonymous_24)
FNF:2
FNH:0
FNDA:0,(anonymous_23)
FNDA:0,(anonymous_24)
DA:1,0
DA:2,0
DA:6,0
DA:7,0
DA:8,0
DA:9,0
DA:10,0
DA:11,0
DA:13,0
DA:16,0
DA:17,0
DA:20,0
LF:12
LH:0
BRDA:8,0,0,0
BRDA:8,0,1,0
BRDA:10,1,0,0
BRDA:10,1,1,0
BRDA:16,2,0,0
BRDA:16,2,1,0
BRF:6
BRH:0
end_of_record
TN:
SF:/Users/egormatiushkin/Develop/Study/GBVue/dist/js/webpack:/node_modules/core-js/internals/regexp-exec.js
FN:4,(anonymous_1085)
FN:18,(anonymous_1086)
FN:35,(anonymous_1087)
FN:94,(anonymous_1088)
FNF:4
FNH:0
FNDA:0,(anonymous_1085)
FNDA:0,(anonymous_1086)
FNDA:0,(anonymous_1087)
FNDA:0,(anonymous_1088)
DA:4,0
DA:5,0
DA:6,0
DA:7,0
DA:8,0
DA:9,0
DA:10,0
DA:11,0
DA:13,0
DA:14,0
DA:16,0
DA:18,0
DA:19,0
DA:20,0
DA:23,0
DA:26,0
DA:29,0
DA:31,0
DA:33,0
DA:36,0
DA:37,0
DA:38,0
DA:39,0
DA:42,0
DA:46,0
DA:49,0
DA:50,0
DA:51,0
DA:52,0
DA:53,0
DA:54,0
DA:95,0
DA:101,0
DA:103,0
DA:104,0
DA:109,0
LF:36
LH:0
BRDA:23,0,0,0
BRDA:23,0,1,0
BRDA:26,1,0,0
BRDA:26,1,1,0
BRDA:31,2,0,0
BRDA:31,2,1,0
BRDA:31,2,2,0
BRDA:31,2,3,0
BRDA:31,2,4,0
BRDA:33,3,0,0
BRDA:33,3,1,0
BRDA:42,4,0,0
BRDA:42,4,1,0
BRDA:50,5,0,0
BRDA:50,5,1,0
BRDA:101,6,0,0
BRDA:101,6,1,0
BRDA:56,7,0,0
BRDA:56,7,1,0
BRDA:57,8,0,0
BRDA:57,8,1,0
BRDA:64,9,0,0
BRDA:64,9,1,0
BRDA:64,9,2,0
BRDA:64,9,3,0
BRDA:64,9,4,0
BRDA:74,10,0,0
BRDA:74,10,1,0
BRDA:77,11,0,0
BRDA:77,11,1,0
BRDA:79,12,0,0
BRDA:79,12,1,0
BRDA:82,13,0,0
BRDA:82,13,1,0
BRDA:83,14,0,0
BRDA:83,14,1,0
BRDA:88,15,0,0
BRDA:88,15,1,0
BRDA:88,15,2,0
BRDA:89,16,0,0
BRDA:89,16,1,0
BRDA:91,17,0,0
BRDA:91,17,1,0
BRDA:91,17,2,0
BRDA:91,17,3,0
BRDA:95,18,0,0
BRDA:95,18,1,0
BRDA:101,19,0,0
BRDA:101,19,1,0
BRF:49
BRH:0
end_of_record
TN:
SF:/Users/egormatiushkin/Develop/Study/GBVue/dist/js/webpack:/node_modules/core-js/internals/regexp-flags.js
FN:2,(anonymous_1162)
FN:6,(anonymous_1163)
FNF:2
FNH:0
FNDA:0,(anonymous_1162)
FNDA:0,(anonymous_1163)
DA:2,0
DA:6,0
DA:7,0
DA:8,0
DA:15,0
LF:5
LH:0
BRDA:9,0,0,0
BRDA:9,0,1,0
BRDA:10,1,0,0
BRDA:10,1,1,0
BRDA:11,2,0,0
BRDA:11,2,1,0
BRDA:12,3,0,0
BRDA:12,3,1,0
BRDA:13,4,0,0
BRDA:13,4,1,0
BRDA:14,5,0,0
BRDA:14,5,1,0
BRF:12
BRH:0
end_of_record
TN:
SF:/Users/egormatiushkin/Develop/Study/GBVue/dist/js/webpack:/node_modules/core-js/internals/regexp-sticky-helpers.js
FN:1,(anonymous_1105)
FN:7,(anonymous_1106)
FN:13,(anonymous_1107)
FNF:3
FNH:0
FNDA:0,(anonymous_1105)
FNDA:0,(anonymous_1106)
FNDA:0,(anonymous_1107)
DA:1,0
DA:2,0
DA:5,0
DA:7,0
DA:8,0
DA:10,0
DA:15,0
DA:17,0
LF:8
LH:0
BRF:0
BRH:0
end_of_record
TN:
SF:/Users/egormatiushkin/Develop/Study/GBVue/dist/js/webpack:/node_modules/core-js/internals/regexp-unsupported-dot-all.js
FN:1,(anonymous_1325)
FN:7,(anonymous_1326)
FNF:2
FNH:0
FNDA:0,(anonymous_1325)
FNDA:0,(anonymous_1326)
DA:1,0
DA:2,0
DA:5,0
DA:7,0
DA:8,0
DA:9,0
LF:6
LH:0
BRDA:9,0,0,0
BRDA:9,0,1,0
BRDA:9,0,2,0
BRF:3
BRH:0
end_of_record
TN:
SF:/Users/egormatiushkin/Develop/Study/GBVue/dist/js/webpack:/node_modules/core-js/internals/regexp-unsupported-ncg.js
FN:1,(anonymous_21)
FN:7,(anonymous_22)
FNF:2
FNH:0
FNDA:0,(anonymous_21)
FNDA:0,(anonymous_22)
DA:1,0
DA:2,0
DA:5,0
DA:7,0
DA:8,0
DA:9,0
LF:6
LH:0
BRDA:9,0,0,0
BRDA:9,0,1,0
BRF:2
BRH:0
end_of_record
TN:
SF:/Users/egormatiushkin/Develop/Study/GBVue/dist/js/webpack:/node_modules/core-js/internals/require-object-coercible.js
FN:3,(anonymous_43)
FN:3,(anonymous_44)
FNF:2
FNH:0
FNDA:0,(anonymous_43)
FNDA:0,(anonymous_44)
DA:3,0
DA:4,0
DA:5,0
LF:3
LH:0
BRDA:4,0,0,0
BRDA:4,0,1,0
BRF:2
BRH:0
end_of_record
TN:
SF:/Users/egormatiushkin/Develop/Study/GBVue/dist/js/webpack:/node_modules/core-js/internals/set-global.js
FN:1,(anonymous_1206)
FN:3,(anonymous_1207)
FNF:2
FNH:0
FNDA:0,(anonymous_1206)
FNDA:0,(anonymous_1207)
DA:1,0
DA:3,0
DA:4,0
DA:6,0
DA:8,0
DA:9,0
LF:6
LH:0
BRF:0
BRH:0
end_of_record
TN:
SF:/Users/egormatiushkin/Develop/Study/GBVue/dist/js/webpack:/node_modules/core-js/internals/set-species.js
FN:2,(anonymous_60)
FN:9,(anonymous_61)
FN:16,(anonymous_62)
FNF:3
FNH:0
FNDA:0,(anonymous_60)
FNDA:0,(anonymous_61)
FNDA:0,(anonymous_62)
DA:2,0
DA:3,0
DA:4,0
DA:5,0
DA:7,0
DA:9,0
DA:10,0
DA:11,0
DA:13,0
DA:16,0
LF:10
LH:0
BRDA:13,0,0,0
BRDA:13,0,1,0
BRDA:13,0,2,0
BRDA:13,0,3,0
BRF:4
BRH:0
end_of_record
TN:
SF:/Users/egormatiushkin/Develop/Study/GBVue/dist/js/webpack:/node_modules/core-js/internals/set-to-string-tag.js
FN:1,(anonymous_1221)
FN:7,(anonymous_1222)
FNF:2
FNH:0
FNDA:0,(anonymous_1221)
FNDA:0,(anonymous_1222)
DA:1,0
DA:2,0
DA:3,0
DA:5,0
DA:7,0
DA:8,0
LF:6
LH:0
BRDA:8,0,0,0
BRDA:8,0,1,0
BRDA:8,0,2,0
BRDA:8,1,0,0
BRDA:8,1,1,0
BRF:5
BRH:0
end_of_record
TN:
SF:/Users/egormatiushkin/Develop/Study/GBVue/dist/js/webpack:/node_modules/core-js/internals/shared-key.js
FN:1,(anonymous_1319)
FN:6,(anonymous_1320)
FNF:2
FNH:0
FNDA:0,(anonymous_1319)
FNDA:0,(anonymous_1320)
DA:1,0
DA:2,0
DA:4,0
DA:6,0
DA:7,0
LF:5
LH:0
BRDA:7,0,0,0
BRDA:7,0,1,0
BRF:2
BRH:0
end_of_record
TN:
SF:/Users/egormatiushkin/Develop/Study/GBVue/dist/js/webpack:/node_modules/core-js/internals/shared-store.js
FN:1,(anonymous_1193)
FNF:1
FNH:0
FNDA:0,(anonymous_1193)
DA:1,0
DA:2,0
DA:4,0
DA:5,0
DA:7,0
LF:5
LH:0
BRDA:5,0,0,0
BRDA:5,0,1,0
BRF:2
BRH:0
end_of_record
TN:
SF:/Users/egormatiushkin/Develop/Study/GBVue/dist/js/webpack:/node_modules/core-js/internals/shared.js
FN:1,(anonymous_764)
FN:4,(anonymous_765)
FNF:2
FNH:0
FNDA:0,(anonymous_764)
FNDA:0,(anonymous_765)
DA:1,0
DA:2,0
DA:5,0
LF:3
LH:0
BRDA:5,0,0,0
BRDA:5,0,1,0
BRDA:5,1,0,0
BRDA:5,1,1,0
BRDA:8,2,0,0
BRDA:8,2,1,0
BRF:6
BRH:0
end_of_record
TN:
SF:/Users/egormatiushkin/Develop/Study/GBVue/dist/js/webpack:/node_modules/core-js/internals/species-constructor.js
FN:1,(anonymous_730)
FN:9,(anonymous_731)
FNF:2
FNH:0
FNDA:0,(anonymous_730)
FNDA:0,(anonymous_731)
DA:1,0
DA:2,0
DA:3,0
DA:5,0
DA:9,0
DA:10,0
DA:12,0
LF:7
LH:0
BRDA:12,0,0,0
BRDA:12,0,1,0
BRDA:12,1,0,0
BRDA:12,1,1,0
BRF:4
BRH:0
end_of_record
TN:
SF:/Users/egormatiushkin/Develop/Study/GBVue/dist/js/webpack:/node_modules/core-js/internals/string-multibyte.js
FN:1,(anonymous_779)
FN:6,(anonymous_780)
FN:7,(anonymous_781)
FNF:3
FNH:0
FNDA:0,(anonymous_779)
FNDA:0,(anonymous_780)
FNDA:0,(anonymous_781)
DA:1,0
DA:2,0
DA:3,0
DA:6,0
DA:7,0
DA:8,0
DA:9,0
DA:10,0
DA:12,0
DA:21,0
LF:10
LH:0
BRDA:12,0,0,0
BRDA:12,0,1,0
BRDA:12,1,0,0
BRDA:12,1,1,0
BRDA:12,2,0,0
BRDA:12,2,1,0
BRDA:16,3,0,0
BRDA:16,3,1,0
BRDA:14,4,0,0
BRDA:14,4,1,0
BRDA:14,4,2,0
BRDA:14,4,3,0
BRDA:14,4,4,0
BRDA:16,5,0,0
BRDA:16,5,1,0
BRDA:17,6,0,0
BRDA:17,6,1,0
BRF:17
BRH:0
end_of_record
TN:
SF:/Users/egormatiushkin/Develop/Study/GBVue/dist/js/webpack:/node_modules/core-js/internals/string-repeat.js
FN:2,(anonymous_0)
FN:8,(anonymous_1)
FNF:2
FNH:0
FNDA:0,(anonymous_0)
FNDA:0,(anonymous_1)
DA:2,0
DA:3,0
DA:4,0
DA:8,0
DA:9,0
DA:10,0
DA:11,0
DA:12,0
DA:13,0
DA:14,0
LF:10
LH:0
BRDA:2,0,0,0
BRDA:2,0,1,0
BRDA:12,1,0,0
BRDA:12,1,1,0
BRDA:12,2,0,0
BRDA:12,2,1,0
BRDA:13,3,0,0
BRDA:13,3,1,0
BRDA:13,4,0,0
BRDA:13,4,1,0
BRF:10
BRH:0
end_of_record
TN:
SF:/Users/egormatiushkin/Develop/Study/GBVue/dist/js/webpack:/node_modules/core-js/internals/task.js
FN:1,(anonymous_548)
FN:24,(anonymous_549)
FN:33,(anonymous_550)
FN:34,(anonymous_551)
FN:39,(anonymous_552)
FN:43,(anonymous_553)
FN:50,(anonymous_554)
FN:55,(anonymous_555)
FN:62,(anonymous_556)
FN:67,(anonymous_557)
FN:72,(anonymous_558)
FN:95,(anonymous_559)
FN:96,(anonymous_560)
FN:103,(anonymous_561)
FNF:14
FNH:0
FNDA:0,(anonymous_548)
FNDA:0,(anonymous_549)
FNDA:0,(anonymous_550)
FNDA:0,(anonymous_551)
FNDA:0,(anonymous_552)
FNDA:0,(anonymous_553)
FNDA:0,(anonymous_554)
FNDA:0,(anonymous_555)
FNDA:0,(anonymous_556)
FNDA:0,(anonymous_557)
FNDA:0,(anonymous_558)
FNDA:0,(anonymous_559)
FNDA:0,(anonymous_560)
FNDA:0,(anonymous_561)
DA:1,0
DA:2,0
DA:3,0
DA:4,0
DA:5,0
DA:6,0
DA:7,0
DA:9,0
DA:10,0
DA:11,0
DA:12,0
DA:13,0
DA:14,0
DA:15,0
DA:16,0
DA:19,0
DA:21,0
DA:24,0
DA:26,0
DA:27,0
DA:33,0
DA:34,0
DA:35,0
DA:39,0
DA:40,0
DA:43,0
DA:45,0
DA:49,0
DA:51,0
DA:52,0
DA:53,0
DA:54,0
DA:55,0
DA:60,0
DA:62,0
DA:68,0
DA:73,0
DA:96,0
DA:97,0
DA:104,0
LF:40
LH:0
BRDA:26,0,0,0
BRDA:26,0,1,0
BRDA:49,1,0,0
BRDA:49,1,1,0
BRDA:49,1,2,0
BRDA:57,2,0,0
BRDA:57,2,1,0
BRDA:67,3,0,0
BRDA:67,3,1,0
BRDA:72,4,0,0
BRDA:72,4,1,0
BRDA:71,5,0,0
BRDA:71,5,1,0
BRDA:78,6,0,0
BRDA:78,6,1,0
BRDA:77,7,0,0
BRDA:77,7,1,0
BRDA:91,8,0,0
BRDA:91,8,1,0
BRDA:85,9,0,0
BRDA:85,9,1,0
BRDA:85,9,2,0
BRDA:85,9,3,0
BRDA:85,9,4,0
BRDA:85,9,5,0
BRDA:95,10,0,0
BRDA:95,10,1,0
BRF:27
BRH:0
end_of_record
TN:
SF:/Users/egormatiushkin/Develop/Study/GBVue/dist/js/webpack:/node_modules/core-js/internals/this-number-value.js
FN:1,(anonymous_2)
FN:5,(anonymous_3)
FNF:2
FNH:0
FNDA:0,(anonymous_2)
FNDA:0,(anonymous_3)
DA:1,0
DA:5,0
DA:6,0
LF:3
LH:0
BRF:0
BRH:0
end_of_record
TN:
SF:/Users/egormatiushkin/Develop/Study/GBVue/dist/js/webpack:/node_modules/core-js/internals/to-absolute-index.js
FN:1,(anonymous_54)
FN:9,(anonymous_55)
FNF:2
FNH:0
FNDA:0,(anonymous_54)
FNDA:0,(anonymous_55)
DA:1,0
DA:3,0
DA:4,0
DA:9,0
DA:10,0
DA:11,0
LF:6
LH:0
BRDA:11,0,0,0
BRDA:11,0,1,0
BRF:2
BRH:0
end_of_record
TN:
SF:/Users/egormatiushkin/Develop/Study/GBVue/dist/js/webpack:/node_modules/core-js/internals/to-indexed-object.js
FN:2,(anonymous_1323)
FN:5,(anonymous_1324)
FNF:2
FNH:0
FNDA:0,(anonymous_1323)
FNDA:0,(anonymous_1324)
DA:2,0
DA:3,0
DA:5,0
DA:6,0
LF:4
LH:0
BRF:0
BRH:0
end_of_record
TN:
SF:/Users/egormatiushkin/Develop/Study/GBVue/dist/js/webpack:/node_modules/core-js/internals/to-integer.js
FN:1,(anonymous_1150)
FN:6,(anonymous_1151)
FNF:2
FNH:0
FNDA:0,(anonymous_1150)
FNDA:0,(anonymous_1151)
DA:1,0
DA:2,0
DA:6,0
DA:7,0
LF:4
LH:0
BRDA:7,0,0,0
BRDA:7,0,1,0
BRDA:7,1,0,0
BRDA:7,1,1,0
BRF:4
BRH:0
end_of_record
TN:
SF:/Users/egormatiushkin/Develop/Study/GBVue/dist/js/webpack:/node_modules/core-js/internals/to-length.js
FN:1,(anonymous_743)
FN:7,(anonymous_744)
FNF:2
FNH:0
FNDA:0,(anonymous_743)
FNDA:0,(anonymous_744)
DA:1,0
DA:3,0
DA:7,0
DA:8,0
LF:4
LH:0
BRDA:8,0,0,0
BRDA:8,0,1,0
BRF:2
BRH:0
end_of_record
TN:
SF:/Users/egormatiushkin/Develop/Study/GBVue/dist/js/webpack:/node_modules/core-js/internals/to-object.js
FN:1,(anonymous_802)
FN:5,(anonymous_803)
FNF:2
FNH:0
FNDA:0,(anonymous_802)
FNDA:0,(anonymous_803)
DA:1,0
DA:5,0
DA:6,0
LF:3
LH:0
BRF:0
BRH:0
end_of_record
TN:
SF:/Users/egormatiushkin/Develop/Study/GBVue/dist/js/webpack:/node_modules/core-js/internals/to-primitive.js
FN:1,(anonymous_1188)
FN:10,(anonymous_1189)
FNF:2
FNH:0
FNDA:0,(anonymous_1188)
FNDA:0,(anonymous_1189)
DA:1,0
DA:2,0
DA:3,0
DA:4,0
DA:6,0
DA:10,0
DA:11,0
DA:12,0
DA:14,0
DA:17,0
DA:18,0
DA:21,0
LF:12
LH:0
BRDA:11,0,0,0
BRDA:11,0,1,0
BRDA:11,1,0,0
BRDA:11,1,1,0
BRDA:14,2,0,0
BRDA:14,2,1,0
BRDA:17,3,0,0
BRDA:17,3,1,0
BRDA:17,4,0,0
BRDA:17,4,1,0
BRDA:16,5,0,0
BRDA:16,5,1,0
BRDA:21,6,0,0
BRDA:21,6,1,0
BRF:14
BRH:0
end_of_record
TN:
SF:/Users/egormatiushkin/Develop/Study/GBVue/dist/js/webpack:/node_modules/core-js/internals/to-property-key.js
FN:1,(anonymous_1108)
FN:6,(anonymous_1109)
FNF:2
FNH:0
FNDA:0,(anonymous_1108)
FNDA:0,(anonymous_1109)
DA:1,0
DA:2,0
DA:6,0
DA:7,0
DA:8,0
LF:5
LH:0
BRDA:8,0,0,0
BRDA:8,0,1,0
BRF:2
BRH:0
end_of_record
TN:
SF:/Users/egormatiushkin/Develop/Study/GBVue/dist/js/webpack:/node_modules/core-js/internals/to-string-tag-support.js
FN:1,(anonymous_0)
FNF:1
FNH:0
FNDA:0,(anonymous_0)
DA:1,0
DA:3,0
DA:4,0
DA:6,0
LF:4
LH:0
BRDA:1,0,0,0
BRDA:1,0,1,0
BRF:2
BRH:0
end_of_record
TN:
SF:/Users/egormatiushkin/Develop/Study/GBVue/dist/js/webpack:/node_modules/core-js/internals/to-string.js
FN:1,(anonymous_768)
FN:3,(anonymous_769)
FNF:2
FNH:0
FNDA:0,(anonymous_768)
FNDA:0,(anonymous_769)
DA:1,0
DA:3,0
DA:4,0
DA:5,0
LF:4
LH:0
BRDA:4,0,0,0
BRDA:4,0,1,0
BRF:2
BRH:0
end_of_record
TN:
SF:/Users/egormatiushkin/Develop/Study/GBVue/dist/js/webpack:/node_modules/core-js/internals/uid.js
FN:1,(anonymous_1080)
FN:4,(anonymous_1081)
FNF:2
FNH:0
FNDA:0,(anonymous_1080)
FNDA:0,(anonymous_1081)
DA:1,0
DA:2,0
DA:4,0
DA:5,0
LF:4
LH:0
BRDA:5,0,0,0
BRDA:5,0,1,0
BRF:2
BRH:0
end_of_record
TN:
SF:/Users/egormatiushkin/Develop/Study/GBVue/dist/js/webpack:/node_modules/core-js/internals/use-symbol-as-uid.js
FN:2,(anonymous_1328)
FNF:1
FNH:0
FNDA:0,(anonymous_1328)
DA:2,0
DA:4,0
LF:2
LH:0
BRDA:4,0,0,0
BRDA:4,0,1,0
BRDA:4,0,2,0
BRF:3
BRH:0
end_of_record
TN:
SF:/Users/egormatiushkin/Develop/Study/GBVue/dist/js/webpack:/node_modules/core-js/internals/well-known-symbol-wrapped.js
FN:1,(anonymous_1261)
FNF:1
FNH:0
FNDA:0,(anonymous_1261)
DA:1,0
DA:3,0
LF:2
LH:0
BRF:0
BRH:0
end_of_record
TN:
SF:/Users/egormatiushkin/Develop/Study/GBVue/dist/js/webpack:/node_modules/core-js/internals/well-known-symbol.js
FN:1,(anonymous_1178)
FN:12,(anonymous_1179)
FNF:2
FNH:0
FNDA:0,(anonymous_1178)
FNDA:0,(anonymous_1179)
DA:1,0
DA:2,0
DA:3,0
DA:4,0
DA:5,0
DA:6,0
DA:8,0
DA:9,0
DA:10,0
DA:12,0
DA:19,0
LF:11
LH:0
BRDA:10,0,0,0
BRDA:10,0,1,0
BRDA:10,1,0,0
BRDA:10,1,1,0
BRDA:10,1,2,0
BRDA:13,2,0,0
BRDA:13,2,1,0
BRDA:13,2,2,0
BRDA:13,2,3,0
BRDA:15,3,0,0
BRDA:15,3,1,0
BRDA:14,4,0,0
BRDA:14,4,1,0
BRF:13
BRH:0
end_of_record
TN:
SF:/Users/egormatiushkin/Develop/Study/GBVue/dist/js/webpack:/node_modules/core-js/modules/es.array.concat.js
FN:2,(anonymous_1092)
FN:21,(anonymous_1093)
FN:29,(anonymous_1094)
FN:42,(anonymous_1095)
FNF:4
FNH:0
FNDA:0,(anonymous_1092)
FNDA:0,(anonymous_1093)
FNDA:0,(anonymous_1094)
FNDA:0,(anonymous_1095)
DA:2,0
DA:3,0
DA:4,0
DA:5,0
DA:6,0
DA:7,0
DA:8,0
DA:9,0
DA:10,0
DA:11,0
DA:12,0
DA:14,0
DA:15,0
DA:16,0
DA:21,0
DA:22,0
DA:24,0
DA:27,0
DA:29,0
DA:30,0
DA:31,0
DA:32,0
DA:35,0
DA:40,0
DA:43,0
DA:44,0
DA:45,0
DA:47,0
DA:49,0
DA:51,0
DA:52,0
DA:54,0
DA:55,0
DA:59,0
LF:34
LH:0
BRDA:21,0,0,0
BRDA:21,0,1,0
BRDA:30,1,0,0
BRDA:30,1,1,0
BRDA:32,2,0,0
BRDA:32,2,1,0
BRDA:35,3,0,0
BRDA:35,3,1,0
BRDA:49,4,0,0
BRDA:49,4,1,0
BRDA:48,5,0,0
BRDA:48,5,1,0
BRDA:51,6,0,0
BRDA:51,6,1,0
BRDA:52,7,0,0
BRDA:52,7,1,0
BRDA:54,8,0,0
BRDA:54,8,1,0
BRF:18
BRH:0
end_of_record
TN:
SF:/Users/egormatiushkin/Develop/Study/GBVue/dist/js/webpack:/node_modules/core-js/modules/es.array.filter.js
FN:2,(anonymous_739)
FN:12,(anonymous_740)
FNF:2
FNH:0
FNDA:0,(anonymous_739)
FNDA:0,(anonymous_740)
DA:2,0
DA:3,0
DA:4,0
DA:6,0
DA:11,0
DA:13,0
LF:6
LH:0
BRDA:13,0,0,0
BRDA:13,0,1,0
BRF:2
BRH:0
end_of_record
TN:
SF:/Users/egormatiushkin/Develop/Study/GBVue/dist/js/webpack:/node_modules/core-js/modules/es.array.find-index.js
FN:2,(anonymous_1194)
FN:10,(anonymous_1195)
FN:15,(anonymous_1196)
FNF:3
FNH:0
FNDA:0,(anonymous_1194)
FNDA:0,(anonymous_1195)
FNDA:0,(anonymous_1196)
DA:2,0
DA:3,0
DA:4,0
DA:6,0
DA:7,0
DA:10,0
DA:16,0
LF:7
LH:0
BRDA:10,0,0,0
BRDA:10,0,1,0
BRDA:16,1,0,0
BRDA:16,1,1,0
BRF:4
BRH:0
end_of_record
TN:
SF:/Users/egormatiushkin/Develop/Study/GBVue/dist/js/webpack:/node_modules/core-js/modules/es.array.from.js
FN:1,(anonymous_1144)
FN:5,(anonymous_1145)
FNF:2
FNH:0
FNDA:0,(anonymous_1144)
FNDA:0,(anonymous_1145)
DA:1,0
DA:2,0
DA:3,0
DA:5,0
DA:7,0
DA:12,0
LF:6
LH:0
BRF:0
BRH:0
end_of_record
TN:
SF:/Users/egormatiushkin/Develop/Study/GBVue/dist/js/webpack:/node_modules/core-js/modules/es.array.iterator.js
FN:2,(anonymous_1253)
FN:22,(anonymous_1254)
FN:31,(anonymous_1255)
FNF:3
FNH:0
FNDA:0,(anonymous_1253)
FNDA:0,(anonymous_1254)
FNDA:0,(anonymous_1255)
DA:2,0
DA:3,0
DA:4,0
DA:5,0
DA:6,0
DA:8,0
DA:9,0
DA:10,0
DA:22,0
DA:23,0
DA:32,0
DA:33,0
DA:34,0
DA:35,0
DA:36,0
LF:15
LH:0
BRDA:37,0,0,0
BRDA:37,0,1,0
BRDA:36,1,0,0
BRDA:36,1,1,0
BRDA:40,2,0,0
BRDA:40,2,1,0
BRDA:41,3,0,0
BRDA:41,3,1,0
BRF:8
BRH:0
end_of_record
TN:
SF:/Users/egormatiushkin/Develop/Study/GBVue/dist/js/webpack:/node_modules/core-js/modules/es.array.slice.js
FN:2,(anonymous_1321)
FN:22,(anonymous_1322)
FNF:2
FNH:0
FNDA:0,(anonymous_1321)
FNDA:0,(anonymous_1322)
DA:2,0
DA:3,0
DA:4,0
DA:5,0
DA:6,0
DA:7,0
DA:8,0
DA:9,0
DA:10,0
DA:12,0
DA:14,0
DA:15,0
DA:16,0
DA:21,0
DA:23,0
DA:24,0
DA:25,0
DA:26,0
DA:29,0
DA:39,0
DA:43,0
DA:45,0
LF:22
LH:0
BRDA:26,0,0,0
BRDA:26,0,1,0
BRDA:29,1,0,0
BRDA:29,1,1,0
BRDA:29,2,0,0
BRDA:29,2,1,0
BRDA:34,3,0,0
BRDA:34,3,1,0
BRDA:32,4,0,0
BRDA:32,4,1,0
BRDA:32,4,2,0
BRDA:34,5,0,0
BRDA:34,5,1,0
BRDA:36,6,0,0
BRDA:36,6,1,0
BRDA:38,7,0,0
BRDA:38,7,1,0
BRDA:42,8,0,0
BRDA:42,8,1,0
BRDA:43,9,0,0
BRDA:43,9,1,0
BRF:21
BRH:0
end_of_record
TN:
SF:/Users/egormatiushkin/Develop/Study/GBVue/dist/js/webpack:/node_modules/core-js/modules/es.array.splice.js
FN:2,(anonymous_1110)
FN:22,(anonymous_1111)
FNF:2
FNH:0
FNDA:0,(anonymous_1110)
FNDA:0,(anonymous_1111)
DA:2,0
DA:3,0
DA:4,0
DA:5,0
DA:6,0
DA:7,0
DA:8,0
DA:9,0
DA:11,0
DA:13,0
DA:14,0
DA:15,0
DA:16,0
DA:21,0
DA:23,0
DA:24,0
DA:25,0
DA:26,0
DA:37,0
DA:38,0
DA:41,0
DA:42,0
DA:46,0
DA:47,0
DA:48,0
DA:53,0
DA:54,0
DA:55,0
DA:56,0
DA:62,0
DA:63,0
DA:66,0
LF:32
LH:0
BRDA:37,0,0,0
BRDA:37,0,1,0
BRDA:29,1,0,0
BRDA:29,1,1,0
BRDA:31,2,0,0
BRDA:31,2,1,0
BRDA:43,3,0,0
BRDA:43,3,1,0
BRDA:46,4,0,0
BRDA:46,4,1,0
BRDA:50,5,0,0
BRDA:50,5,1,0
BRDA:54,6,0,0
BRDA:54,6,1,0
BRDA:58,7,0,0
BRDA:58,7,1,0
BRF:16
BRH:0
end_of_record
TN:
SF:/Users/egormatiushkin/Develop/Study/GBVue/dist/js/webpack:/node_modules/core-js/modules/es.function.name.js
FN:1,(anonymous_1169)
FN:14,(anonymous_1170)
FNF:2
FNH:0
FNDA:0,(anonymous_1169)
FNDA:0,(anonymous_1170)
DA:1,0
DA:2,0
DA:4,0
DA:5,0
DA:6,0
DA:7,0
DA:11,0
DA:15,0
DA:16,0
DA:18,0
LF:10
LH:0
BRDA:11,0,0,0
BRDA:11,0,1,0
BRDA:11,0,2,0
BRF:3
BRH:0
end_of_record
TN:
SF:/Users/egormatiushkin/Develop/Study/GBVue/dist/js/webpack:/node_modules/core-js/modules/es.math.trunc.js
FN:1,(anonymous_1183)
FN:9,(anonymous_1184)
FNF:2
FNH:0
FNDA:0,(anonymous_1183)
FNDA:0,(anonymous_1184)
DA:1,0
DA:3,0
DA:4,0
DA:8,0
DA:10,0
LF:5
LH:0
BRDA:10,0,0,0
BRDA:10,0,1,0
BRF:2
BRH:0
end_of_record
TN:
SF:/Users/egormatiushkin/Develop/Study/GBVue/dist/js/webpack:/node_modules/core-js/modules/es.number.to-fixed.js
FN:2,(anonymous_6)
FN:11,(anonymous_7)
FN:15,(anonymous_8)
FN:28,(anonymous_9)
FN:38,(anonymous_10)
FN:48,(anonymous_11)
FN:64,(anonymous_12)
FN:72,(anonymous_13)
FNF:8
FNH:0
FNDA:0,(anonymous_6)
FNDA:0,(anonymous_7)
FNDA:0,(anonymous_8)
FNDA:0,(anonymous_9)
FNDA:0,(anonymous_10)
FNDA:0,(anonymous_11)
FNDA:0,(anonymous_12)
FNDA:0,(anonymous_13)
DA:2,0
DA:3,0
DA:4,0
DA:5,0
DA:6,0
DA:8,0
DA:9,0
DA:11,0
DA:12,0
DA:15,0
DA:16,0
DA:17,0
DA:18,0
DA:19,0
DA:22,0
DA:23,0
DA:25,0
DA:28,0
DA:29,0
DA:30,0
DA:31,0
DA:32,0
DA:38,0
DA:39,0
DA:40,0
DA:41,0
DA:42,0
DA:48,0
DA:49,0
DA:50,0
DA:51,0
DA:52,0
DA:53,0
DA:54,0
DA:56,0
DA:59,0
DA:66,0
DA:71,0
DA:73,0
DA:74,0
DA:75,0
DA:76,0
DA:77,0
DA:80,0
DA:82,0
DA:83,0
DA:88,0
DA:93,0
DA:94,0
DA:96,0
DA:97,0
DA:100,0
DA:102,0
DA:103,0
DA:106,0
DA:111,0
DA:123,0
LF:57
LH:0
BRDA:12,0,0,0
BRDA:12,0,1,0
BRDA:12,1,0,0
BRDA:12,1,1,0
BRDA:52,2,0,0
BRDA:52,2,1,0
BRDA:52,3,0,0
BRDA:52,3,1,0
BRDA:52,3,2,0
BRDA:54,4,0,0
BRDA:54,4,1,0
BRDA:59,5,0,0
BRDA:59,5,1,0
BRDA:59,5,2,0
BRDA:59,5,3,0
BRDA:59,5,4,0
BRDA:59,5,5,0
BRDA:80,6,0,0
BRDA:80,6,1,0
BRDA:80,7,0,0
BRDA:80,7,1,0
BRDA:82,8,0,0
BRDA:82,8,1,0
BRDA:83,9,0,0
BRDA:83,9,1,0
BRDA:83,10,0,0
BRDA:83,10,1,0
BRDA:88,11,0,0
BRDA:88,11,1,0
BRDA:84,12,0,0
BRDA:84,12,1,0
BRDA:93,13,0,0
BRDA:93,13,1,0
BRDA:90,14,0,0
BRDA:90,14,1,0
BRDA:117,15,0,0
BRDA:117,15,1,0
BRDA:119,16,0,0
BRDA:119,16,1,0
BRF:39
BRH:0
end_of_record
TN:
SF:/Users/egormatiushkin/Develop/Study/GBVue/dist/js/webpack:/node_modules/core-js/modules/es.object.assign.js
FN:1,(anonymous_1203)
FNF:1
FNH:0
FNDA:0,(anonymous_1203)
DA:1,0
DA:2,0
DA:7,0
LF:3
LH:0
BRF:0
BRH:0
end_of_record
TN:
SF:/Users/egormatiushkin/Develop/Study/GBVue/dist/js/webpack:/node_modules/core-js/modules/es.object.get-own-property-descriptor.js
FN:1,(anonymous_1258)
FN:7,(anonymous_1259)
FN:13,(anonymous_1260)
FNF:3
FNH:0
FNDA:0,(anonymous_1258)
FNDA:0,(anonymous_1259)
FNDA:0,(anonymous_1260)
DA:1,0
DA:2,0
DA:3,0
DA:4,0
DA:5,0
DA:7,0
DA:8,0
DA:12,0
DA:14,0
LF:9
LH:0
BRDA:8,0,0,0
BRDA:8,0,1,0
BRF:2
BRH:0
end_of_record
TN:
SF:/Users/egormatiushkin/Develop/Study/GBVue/dist/js/webpack:/node_modules/core-js/modules/es.object.get-own-property-descriptors.js
FN:1,(anonymous_1239)
FN:11,(anonymous_1240)
FNF:2
FNH:0
FNDA:0,(anonymous_1239)
FNDA:0,(anonymous_1240)
DA:1,0
DA:2,0
DA:3,0
DA:4,0
DA:5,0
DA:6,0
DA:10,0
DA:12,0
DA:13,0
DA:14,0
DA:15,0
DA:16,0
DA:18,0
DA:19,0
DA:22,0
LF:15
LH:0
BRDA:19,0,0,0
BRDA:19,0,1,0
BRF:2
BRH:0
end_of_record
TN:
SF:/Users/egormatiushkin/Develop/Study/GBVue/dist/js/webpack:/node_modules/core-js/modules/es.object.keys.js
FN:1,(anonymous_1180)
FN:6,(anonymous_1181)
FN:11,(anonymous_1182)
FNF:3
FNH:0
FNDA:0,(anonymous_1180)
FNDA:0,(anonymous_1181)
FNDA:0,(anonymous_1182)
DA:1,0
DA:2,0
DA:3,0
DA:4,0
DA:6,0
DA:10,0
DA:12,0
LF:7
LH:0
BRF:0
BRH:0
end_of_record
TN:
SF:/Users/egormatiushkin/Develop/Study/GBVue/dist/js/webpack:/node_modules/core-js/modules/es.object.to-string.js
FN:1,(anonymous_1220)
FNF:1
FNH:0
FNDA:0,(anonymous_1220)
DA:1,0
DA:2,0
DA:3,0
DA:7,0
LF:4
LH:0
BRDA:7,0,0,0
BRDA:7,0,1,0
BRF:2
BRH:0
end_of_record
TN:
SF:/Users/egormatiushkin/Develop/Study/GBVue/dist/js/webpack:/node_modules/core-js/modules/es.promise.finally.js
FN:2,(anonymous_1152)
FN:12,(anonymous_1153)
FN:13,(anonymous_1154)
FN:13,(anonymous_1155)
FN:19,(anonymous_1156)
FN:23,(anonymous_1157)
FN:24,(anonymous_1158)
FN:26,(anonymous_1159)
FN:27,(anonymous_1160)
FNF:9
FNH:0
FNDA:0,(anonymous_1152)
FNDA:0,(anonymous_1153)
FNDA:0,(anonymous_1154)
FNDA:0,(anonymous_1155)
FNDA:0,(anonymous_1156)
FNDA:0,(anonymous_1157)
FNDA:0,(anonymous_1158)
FNDA:0,(anonymous_1159)
FNDA:0,(anonymous_1160)
DA:2,0
DA:3,0
DA:4,0
DA:5,0
DA:6,0
DA:7,0
DA:8,0
DA:9,0
DA:12,0
DA:13,0
DA:20,0
DA:21,0
DA:22,0
DA:24,0
DA:27,0
DA:34,0
DA:35,0
DA:36,0
LF:18
LH:0
BRDA:12,0,0,0
BRDA:12,0,1,0
BRDA:34,1,0,0
BRDA:34,1,1,0
BRDA:23,2,0,0
BRDA:23,2,1,0
BRDA:26,3,0,0
BRDA:26,3,1,0
BRDA:28,4,0,0
BRDA:28,4,1,0
BRDA:36,5,0,0
BRDA:36,5,1,0
BRF:12
BRH:0
end_of_record
TN:
SF:/Users/egormatiushkin/Develop/Study/GBVue/dist/js/webpack:/node_modules/core-js/modules/es.promise.js
FN:2,(anonymous_1264)
FN:57,(anonymous_1265)
FN:71,(anonymous_1266)
FN:72,(anonymous_1267)
FN:73,(anonymous_1268)
FN:73,(anonymous_1269)
FN:77,(anonymous_1270)
FN:83,(anonymous_1271)
FN:84,(anonymous_1272)
FN:88,(anonymous_1273)
FN:93,(anonymous_1274)
FN:97,(anonymous_1275)
FN:141,(anonymous_1276)
FN:154,(anonymous_1277)
FN:155,(anonymous_1278)
FN:161,(anonymous_1279)
FN:173,(anonymous_1280)
FN:177,(anonymous_1281)
FN:178,(anonymous_1282)
FN:186,(anonymous_1283)
FN:187,(anonymous_1284)
FN:192,(anonymous_1285)
FN:201,(anonymous_1286)
FN:209,(anonymous_1287)
FN:233,(anonymous_1288)
FN:246,(anonymous_1289)
FN:261,(anonymous_1290)
FN:274,(anonymous_1291)
FN:278,(anonymous_1292)
FN:285,(anonymous_1293)
FN:296,(anonymous_1294)
FN:298,(anonymous_1295)
FN:333,(anonymous_1296)
FN:343,(anonymous_1297)
FN:351,(anonymous_1298)
FN:356,(anonymous_1299)
FN:361,(anonymous_1300)
FN:366,(anonymous_1301)
FN:380,(anonymous_1302)
FN:384,(anonymous_1303)
FN:386,(anonymous_1304)
FNF:41
FNH:0
FNDA:0,(anonymous_1264)
FNDA:0,(anonymous_1265)
FNDA:0,(anonymous_1266)
FNDA:0,(anonymous_1267)
FNDA:0,(anonymous_1268)
FNDA:0,(anonymous_1269)
FNDA:0,(anonymous_1270)
FNDA:0,(anonymous_1271)
FNDA:0,(anonymous_1272)
FNDA:0,(anonymous_1273)
FNDA:0,(anonymous_1274)
FNDA:0,(anonymous_1275)
FNDA:0,(anonymous_1276)
FNDA:0,(anonymous_1277)
FNDA:0,(anonymous_1278)
FNDA:0,(anonymous_1279)
FNDA:0,(anonymous_1280)
FNDA:0,(anonymous_1281)
FNDA:0,(anonymous_1282)
FNDA:0,(anonymous_1283)
FNDA:0,(anonymous_1284)
FNDA:0,(anonymous_1285)
FNDA:0,(anonymous_1286)
FNDA:0,(anonymous_1287)
FNDA:0,(anonymous_1288)
FNDA:0,(anonymous_1289)
FNDA:0,(anonymous_1290)
FNDA:0,(anonymous_1291)
FNDA:0,(anonymous_1292)
FNDA:0,(anonymous_1293)
FNDA:0,(anonymous_1294)
FNDA:0,(anonymous_1295)
FNDA:0,(anonymous_1296)
FNDA:0,(anonymous_1297)
FNDA:0,(anonymous_1298)
FNDA:0,(anonymous_1299)
FNDA:0,(anonymous_1300)
FNDA:0,(anonymous_1301)
FNDA:0,(anonymous_1302)
FNDA:0,(anonymous_1303)
FNDA:0,(anonymous_1304)
DA:2,0
DA:3,0
DA:4,0
DA:5,0
DA:6,0
DA:7,0
DA:8,0
DA:9,0
DA:10,0
DA:11,0
DA:12,0
DA:13,0
DA:14,0
DA:15,0
DA:16,0
DA:17,0
DA:18,0
DA:19,0
DA:20,0
DA:21,0
DA:22,0
DA:23,0
DA:24,0
DA:25,0
DA:26,0
DA:27,0
DA:28,0
DA:29,0
DA:30,0
DA:32,0
DA:33,0
DA:34,0
DA:35,0
DA:36,0
DA:37,0
DA:38,0
DA:39,0
DA:40,0
DA:41,0
DA:42,0
DA:43,0
DA:44,0
DA:45,0
DA:46,0
DA:47,0
DA:48,0
DA:49,0
DA:50,0
DA:51,0
DA:52,0
DA:53,0
DA:54,0
DA:57,0
DA:58,0
DA:59,0
DA:63,0
DA:65,0
DA:69,0
DA:71,0
DA:72,0
DA:73,0
DA:75,0
DA:78,0
DA:83,0
DA:84,0
DA:88,0
DA:90,0
DA:93,0
DA:94,0
DA:95,0
DA:96,0
DA:97,0
DA:98,0
DA:99,0
DA:100,0
DA:102,0
DA:103,0
DA:104,0
DA:105,0
DA:106,0
DA:107,0
DA:109,0
DA:110,0
DA:131,0
DA:135,0
DA:141,0
DA:143,0
DA:154,0
DA:155,0
DA:156,0
DA:157,0
DA:158,0
DA:160,0
DA:162,0
DA:168,0
DA:173,0
DA:174,0
DA:177,0
DA:178,0
DA:179,0
DA:180,0
DA:186,0
DA:187,0
DA:188,0
DA:192,0
DA:193,0
DA:201,0
DA:202,0
DA:203,0
DA:205,0
DA:206,0
DA:207,0
DA:208,0
DA:210,0
DA:211,0
DA:212,0
DA:217,0
DA:226,0
DA:231,0
DA:234,0
DA:237,0
DA:238,0
DA:239,0
DA:241,0
DA:247,0
DA:262,0
DA:263,0
DA:270,0
DA:275,0
DA:279,0
DA:280,0
DA:281,0
DA:286,0
DA:292,0
DA:297,0
DA:298,0
DA:299,0
DA:309,0
DA:314,0
DA:320,0
DA:334,0
DA:336,0
DA:344,0
DA:352,0
DA:353,0
DA:354,0
DA:355,0
DA:356,0
DA:357,0
DA:358,0
DA:359,0
DA:360,0
DA:361,0
DA:362,0
DA:363,0
DA:364,0
DA:367,0
DA:376,0
DA:381,0
DA:382,0
DA:383,0
DA:384,0
DA:385,0
DA:386,0
DA:387,0
DA:391,0
LF:166
LH:0
BRDA:37,0,0,0
BRDA:37,0,1,0
BRDA:45,1,0,0
BRDA:45,1,1,0
BRDA:45,1,2,0
BRDA:63,2,0,0
BRDA:63,2,1,0
BRDA:63,3,0,0
BRDA:63,3,1,0
BRDA:65,4,0,0
BRDA:65,4,1,0
BRDA:65,5,0,0
BRDA:65,5,1,0
BRDA:69,6,0,0
BRDA:69,6,1,0
BRDA:69,7,0,0
BRDA:69,7,1,0
BRDA:77,8,0,0
BRDA:77,8,1,0
BRDA:77,8,2,0
BRDA:77,8,3,0
BRDA:83,9,0,0
BRDA:83,9,1,0
BRDA:90,10,0,0
BRDA:90,10,1,0
BRDA:90,11,0,0
BRDA:90,11,1,0
BRDA:94,12,0,0
BRDA:94,12,1,0
BRDA:104,13,0,0
BRDA:104,13,1,0
BRDA:111,14,0,0
BRDA:111,14,1,0
BRDA:111,15,0,0
BRDA:111,15,1,0
BRDA:112,16,0,0
BRDA:112,16,1,0
BRDA:115,17,0,0
BRDA:115,17,1,0
BRDA:117,18,0,0
BRDA:117,18,1,0
BRDA:119,19,0,0
BRDA:119,19,1,0
BRDA:125,20,0,0
BRDA:125,20,1,0
BRDA:127,21,0,0
BRDA:127,21,1,0
BRDA:131,22,0,0
BRDA:131,22,1,0
BRDA:131,22,2,0
BRDA:137,23,0,0
BRDA:137,23,1,0
BRDA:137,23,2,0
BRDA:144,24,0,0
BRDA:144,24,1,0
BRDA:150,25,0,0
BRDA:150,25,1,0
BRDA:149,26,0,0
BRDA:149,26,1,0
BRDA:151,27,0,0
BRDA:151,27,1,0
BRDA:160,28,0,0
BRDA:160,28,1,0
BRDA:160,29,0,0
BRDA:160,29,1,0
BRDA:163,30,0,0
BRDA:163,30,1,0
BRDA:167,31,0,0
BRDA:167,31,1,0
BRDA:167,32,0,0
BRDA:167,32,1,0
BRDA:174,33,0,0
BRDA:174,33,1,0
BRDA:181,34,0,0
BRDA:181,34,1,0
BRDA:193,35,0,0
BRDA:193,35,1,0
BRDA:195,36,0,0
BRDA:195,36,1,0
BRDA:202,37,0,0
BRDA:202,37,1,0
BRDA:204,38,0,0
BRDA:204,38,1,0
BRDA:206,39,0,0
BRDA:206,39,1,0
BRDA:209,40,0,0
BRDA:209,40,1,0
BRDA:231,41,0,0
BRDA:231,41,1,0
BRDA:231,42,0,0
BRDA:231,42,1,0
BRDA:264,43,0,0
BRDA:264,43,1,0
BRDA:265,44,0,0
BRDA:265,44,1,0
BRDA:266,45,0,0
BRDA:266,45,1,0
BRDA:269,46,0,0
BRDA:269,46,1,0
BRDA:287,47,0,0
BRDA:287,47,1,0
BRDA:286,48,0,0
BRDA:286,48,1,0
BRDA:288,49,0,0
BRDA:288,49,1,0
BRDA:288,49,2,0
BRDA:294,50,0,0
BRDA:294,50,1,0
BRDA:314,51,0,0
BRDA:314,51,1,0
BRDA:340,52,0,0
BRDA:340,52,1,0
BRDA:344,53,0,0
BRDA:344,53,1,0
BRDA:344,54,0,0
BRDA:344,54,1,0
BRDA:367,55,0,0
BRDA:367,55,1,0
BRDA:369,56,0,0
BRDA:369,56,1,0
BRDA:371,57,0,0
BRDA:371,57,1,0
BRDA:375,58,0,0
BRDA:375,58,1,0
BRDA:390,59,0,0
BRDA:390,59,1,0
BRF:126
BRH:0
end_of_record
TN:
SF:/Users/egormatiushkin/Develop/Study/GBVue/dist/js/webpack:/node_modules/core-js/modules/es.regexp.exec.js
FN:2,(anonymous_1161)
FNF:1
FNH:0
FNDA:0,(anonymous_1161)
DA:2,0
DA:3,0
DA:7,0
LF:3
LH:0
BRF:0
BRH:0
end_of_record
TN:
SF:/Users/egormatiushkin/Develop/Study/GBVue/dist/js/webpack:/node_modules/core-js/modules/es.string.iterator.js
FN:2,(anonymous_718)
FN:13,(anonymous_719)
FN:21,(anonymous_720)
FNF:3
FNH:0
FNDA:0,(anonymous_718)
FNDA:0,(anonymous_719)
FNDA:0,(anonymous_720)
DA:2,0
DA:3,0
DA:4,0
DA:5,0
DA:7,0
DA:8,0
DA:9,0
DA:13,0
DA:14,0
DA:22,0
DA:23,0
DA:24,0
DA:26,0
LF:13
LH:0
BRDA:26,0,0,0
BRDA:26,0,1,0
BRF:2
BRH:0
end_of_record
TN:
SF:/Users/egormatiushkin/Develop/Study/GBVue/dist/js/webpack:/node_modules/core-js/modules/es.string.replace.js
FN:2,(anonymous_747)
FN:18,(anonymous_748)
FN:24,(anonymous_749)
FN:30,(anonymous_750)
FN:37,(anonymous_751)
FN:39,(anonymous_752)
FN:49,(anonymous_753)
FN:55,(anonymous_754)
FN:64,(anonymous_755)
FNF:9
FNH:0
FNDA:0,(anonymous_747)
FNDA:0,(anonymous_748)
FNDA:0,(anonymous_749)
FNDA:0,(anonymous_750)
FNDA:0,(anonymous_751)
FNDA:0,(anonymous_752)
FNDA:0,(anonymous_753)
FNDA:0,(anonymous_754)
FNDA:0,(anonymous_755)
DA:2,0
DA:3,0
DA:4,0
DA:5,0
DA:6,0
DA:7,0
DA:8,0
DA:9,0
DA:10,0
DA:11,0
DA:12,0
DA:14,0
DA:15,0
DA:16,0
DA:18,0
DA:19,0
DA:24,0
DA:26,0
DA:30,0
DA:31,0
DA:37,0
DA:38,0
DA:40,0
DA:42,0
DA:45,0
DA:49,0
DA:50,0
DA:52,0
DA:56,0
DA:57,0
DA:58,0
DA:65,0
DA:66,0
DA:68,0
DA:73,0
DA:74,0
DA:77,0
DA:78,0
DA:80,0
DA:81,0
DA:82,0
DA:83,0
DA:85,0
DA:86,0
DA:87,0
DA:88,0
DA:91,0
DA:93,0
DA:94,0
DA:97,0
DA:98,0
DA:99,0
DA:100,0
DA:102,0
DA:103,0
DA:104,0
DA:110,0
DA:111,0
DA:112,0
DA:113,0
DA:115,0
DA:117,0
DA:119,0
DA:124,0
LF:64
LH:0
BRDA:19,0,0,0
BRDA:19,0,1,0
BRDA:31,1,0,0
BRDA:31,1,1,0
BRDA:50,2,0,0
BRDA:50,2,1,0
BRDA:57,3,0,0
BRDA:57,3,1,0
BRDA:59,4,0,0
BRDA:59,4,1,0
BRDA:68,5,0,0
BRDA:68,5,1,0
BRDA:69,6,0,0
BRDA:69,6,1,0
BRDA:69,6,2,0
BRDA:74,7,0,0
BRDA:74,7,1,0
BRDA:78,8,0,0
BRDA:78,8,1,0
BRDA:81,9,0,0
BRDA:81,9,1,0
BRDA:88,10,0,0
BRDA:88,10,1,0
BRDA:91,11,0,0
BRDA:91,11,1,0
BRDA:94,12,0,0
BRDA:94,12,1,0
BRDA:112,13,0,0
BRDA:112,13,1,0
BRDA:113,14,0,0
BRDA:113,14,1,0
BRDA:119,15,0,0
BRDA:119,15,1,0
BRDA:124,16,0,0
BRDA:124,16,1,0
BRDA:124,16,2,0
[...]
FNDA:0,(anonymous_37)
FNDA:0,(anonymous_38)
FNDA:0,(anonymous_39)
DA:9,0
DA:37,0
DA:41,0
DA:56,0
DA:57,0
DA:63,0
DA:71,0
DA:72,0
DA:73,0
DA:74,0
DA:80,0
DA:81,0
DA:83,0
DA:86,0
DA:87,0
DA:93,0
DA:95,0
LF:17
LH:0
BRDA:75,0,0,0
BRDA:75,0,1,0
BRF:2
BRH:0
end_of_record
TN:
SF:/Users/egormatiushkin/Develop/Study/GBVue/dist/js/webpack:/src/components/money/ModalWindow.vue?8e18
FN:1,(anonymous_4)
FNF:1
FNH:0
FNDA:0,(anonymous_4)
DA:1,0
LF:1
LH:0
BRF:0
BRH:0
end_of_record
TN:
SF:/Users/egormatiushkin/Develop/Study/GBVue/dist/js/webpack:/src/components/money/ModalWindow.vue?ef42
FN:1,(anonymous_15)
FN:1,(anonymous_16)
FN:1,(anonymous_17)
FN:1,(anonymous_18)
FN:1,(anonymous_19)
FN:1,(anonymous_20)
FN:1,(anonymous_21)
FN:1,(anonymous_22)
FN:1,(anonymous_23)
FN:1,(anonymous_24)
FN:1,(anonymous_25)
FN:1,(anonymous_26)
FN:1,(anonymous_27)
FN:1,(anonymous_28)
FN:1,(anonymous_29)
FN:2,(anonymous_30)
FN:2,(anonymous_31)
FNF:17
FNH:0
FNDA:0,(anonymous_15)
FNDA:0,(anonymous_16)
FNDA:0,(anonymous_17)
FNDA:0,(anonymous_18)
FNDA:0,(anonymous_19)
FNDA:0,(anonymous_20)
FNDA:0,(anonymous_21)
FNDA:0,(anonymous_22)
FNDA:0,(anonymous_23)
FNDA:0,(anonymous_24)
FNDA:0,(anonymous_25)
FNDA:0,(anonymous_26)
FNDA:0,(anonymous_27)
FNDA:0,(anonymous_28)
FNDA:0,(anonymous_29)
FNDA:0,(anonymous_30)
FNDA:0,(anonymous_31)
DA:1,0
DA:2,0
LF:2
LH:0
BRDA:1,0,0,0
BRDA:1,0,1,0
BRDA:1,1,0,0
BRDA:1,1,1,0
BRDA:1,2,0,0
BRDA:1,2,1,0
BRDA:1,3,0,0
BRDA:1,3,1,0
BRDA:1,4,0,0
BRDA:1,4,1,0
BRDA:1,5,0,0
BRDA:1,5,1,0
BRDA:1,6,0,0
BRDA:1,6,1,0
BRDA:1,7,0,0
BRDA:1,7,1,0
BRDA:1,8,0,0
BRDA:1,8,1,0
BRDA:2,9,0,0
BRDA:2,9,1,0
BRDA:2,10,0,0
BRDA:2,10,1,0
BRF:22
BRH:0
end_of_record
TN:
SF:/Users/egormatiushkin/Develop/Study/GBVue/dist/js/webpack:/src/components/money/ModalWindow.vue?f7a0
FNF:0
FNH:0
DA:1,0
LF:1
LH:0
BRF:0
BRH:0
end_of_record
TN:
SF:/Users/egormatiushkin/Develop/Study/GBVue/dist/js/webpack:/src/components/money/MoneyApp.vue
FN:20,(anonymous_177)
FNF:1
FNH:0
FNDA:0,(anonymous_177)
DA:20,0
DA:29,0
DA:47,0
LF:3
LH:0
BRF:0
BRH:0
end_of_record
TN:
SF:/Users/egormatiushkin/Develop/Study/GBVue/dist/js/webpack:/src/components/money/MoneyApp.vue?087e
FNF:0
FNH:0
DA:1,0
LF:1
LH:0
BRF:0
BRH:0
end_of_record
TN:
SF:/Users/egormatiushkin/Develop/Study/GBVue/dist/js/webpack:/src/components/money/MoneyApp.vue?3e17
FN:1,(anonymous_55)
FNF:1
FNH:0
FNDA:0,(anonymous_55)
DA:1,0
LF:1
LH:0
BRF:0
BRH:0
end_of_record
TN:
SF:/Users/egormatiushkin/Develop/Study/GBVue/dist/js/webpack:/src/components/money/MoneyApp.vue?8b63
FN:1,(anonymous_149)
FNF:1
FNH:0
FNDA:0,(anonymous_149)
DA:1,0
DA:2,0
LF:2
LH:0
BRDA:1,0,0,0
BRDA:1,0,1,0
BRDA:1,1,0,0
BRDA:1,1,1,0
BRF:4
BRH:0
end_of_record
TN:
SF:/Users/egormatiushkin/Develop/Study/GBVue/dist/js/webpack:/src/components/money/Pagination.vue
FN:12,(anonymous_165)
FN:20,(anonymous_166)
FN:44,(anonymous_169)
FNF:3
FNH:0
FNDA:0,(anonymous_165)
FNDA:0,(anonymous_166)
FNDA:0,(anonymous_169)
DA:12,0
DA:15,0
DA:23,0
DA:28,0
DA:35,0
DA:47,0
DA:55,0
LF:7
LH:0
BRDA:28,0,0,0
BRDA:28,0,1,0
BRDA:35,1,0,0
BRDA:35,1,1,0
BRF:4
BRH:0
end_of_record
TN:
SF:/Users/egormatiushkin/Develop/Study/GBVue/dist/js/webpack:/src/components/money/Pagination.vue?8c82
FN:1,(anonymous_21)
FNF:1
FNH:0
FNDA:0,(anonymous_21)
DA:1,0
LF:1
LH:0
BRF:0
BRH:0
end_of_record
TN:
SF:/Users/egormatiushkin/Develop/Study/GBVue/dist/js/webpack:/src/components/money/Pagination.vue?e902
FNF:0
FNH:0
DA:1,0
LF:1
LH:0
BRF:0
BRH:0
end_of_record
TN:
SF:/Users/egormatiushkin/Develop/Study/GBVue/dist/js/webpack:/src/components/money/Pagination.vue?e919
FN:1,(anonymous_160)
FN:1,(anonymous_161)
FN:1,(anonymous_162)
FN:1,(anonymous_163)
FN:1,(anonymous_164)
FNF:5
FNH:0
FNDA:0,(anonymous_160)
FNDA:0,(anonymous_161)
FNDA:0,(anonymous_162)
FNDA:0,(anonymous_163)
FNDA:0,(anonymous_164)
DA:1,0
DA:2,0
LF:2
LH:0
BRDA:1,0,0,0
BRDA:1,0,1,0
BRDA:1,1,0,0
BRDA:1,1,1,0
BRDA:1,2,0,0
BRDA:1,2,1,0
BRF:6
BRH:0
end_of_record
TN:
SF:/Users/egormatiushkin/Develop/Study/GBVue/dist/js/webpack:/src/components/money/SetCategory.vue
FN:22,(anonymous_38)
FN:29,(anonymous_39)
FN:37,(anonymous_41)
FNF:3
FNH:0
FNDA:0,(anonymous_38)
FNDA:0,(anonymous_39)
FNDA:0,(anonymous_41)
DA:8,0
DA:22,0
DA:25,0
DA:32,0
DA:35,0
DA:36,0
DA:37,0
DA:42,0
DA:46,0
LF:9
LH:0
BRDA:35,0,0,0
BRDA:35,0,1,0
BRDA:37,1,0,0
BRDA:37,1,1,0
BRF:4
BRH:0
end_of_record
TN:
SF:/Users/egormatiushkin/Develop/Study/GBVue/dist/js/webpack:/src/components/money/SetCategory.vue?2739
FNF:0
FNH:0
DA:1,0
LF:1
LH:0
BRF:0
BRH:0
end_of_record
TN:
SF:/Users/egormatiushkin/Develop/Study/GBVue/dist/js/webpack:/src/components/money/SetCategory.vue?b2ca
FN:1,(anonymous_34)
FN:1,(anonymous_35)
FN:1,(anonymous_36)
FN:1,(anonymous_37)
FNF:4
FNH:0
FNDA:0,(anonymous_34)
FNDA:0,(anonymous_35)
FNDA:0,(anonymous_36)
FNDA:0,(anonymous_37)
DA:1,0
DA:2,0
LF:2
LH:0
BRDA:1,0,0,0
BRDA:1,0,1,0
BRDA:1,1,0,0
BRDA:1,1,1,0
BRF:4
BRH:0
end_of_record
TN:
SF:/Users/egormatiushkin/Develop/Study/GBVue/dist/js/webpack:/src/plugins/ModalWin.js
FN:1,(anonymous_66)
FN:9,(anonymous_67)
FNF:2
FNH:0
FNDA:0,(anonymous_66)
FNDA:0,(anonymous_67)
DA:1,0
DA:3,0
DA:12,0
DA:17,0
LF:4
LH:0
BRDA:3,0,0,0
BRDA:3,0,1,0
BRF:2
BRH:0
end_of_record
TN:
SF:/Users/egormatiushkin/Develop/Study/GBVue/dist/js/webpack:/src/router/index.js
FN:11,(anonymous_104)
FN:16,(anonymous_105)
FN:21,(anonymous_106)
FN:27,(anonymous_107)
FN:32,(anonymous_108)
FN:37,(anonymous_109)
FNF:6
FNH:0
FNDA:0,(anonymous_104)
FNDA:0,(anonymous_105)
FNDA:0,(anonymous_106)
FNDA:0,(anonymous_107)
FNDA:0,(anonymous_108)
FNDA:0,(anonymous_109)
DA:5,0
DA:7,0
DA:11,0
DA:16,0
DA:21,0
DA:27,0
DA:32,0
DA:37,0
DA:41,0
DA:47,0
LF:10
LH:0
BRF:0
BRH:0
end_of_record
TN:
SF:/Users/egormatiushkin/Develop/Study/GBVue/dist/js/webpack:/src/store/index.js
FNF:0
FNH:0
DA:5,0
DA:7,0
LF:2
LH:0
BRF:0
BRH:0
end_of_record
TN:
SF:/Users/egormatiushkin/Develop/Study/GBVue/dist/js/webpack:/src/store/mainStore.js
FN:17,(anonymous_69)
FN:18,(anonymous_70)
FN:19,(anonymous_71)
FN:20,(anonymous_72)
FN:21,(anonymous_73)
FN:22,(anonymous_74)
FN:23,(anonymous_75)
FN:26,(anonymous_76)
FN:42,(anonymous_80)
FN:49,(anonymous_82)
FN:63,(anonymous_85)
FN:98,(anonymous_94)
FN:106,(anonymous_95)
FN:111,(anonymous_96)
FN:114,(anonymous_97)
FN:122,(anonymous_99)
FN:125,(anonymous_100)
FN:133,(anonymous_102)
FN:136,(anonymous_103)
FNF:19
FNH:0
FNDA:0,(anonymous_69)
FNDA:0,(anonymous_70)
FNDA:0,(anonymous_71)
FNDA:0,(anonymous_72)
FNDA:0,(anonymous_73)
FNDA:0,(anonymous_74)
FNDA:0,(anonymous_75)
FNDA:0,(anonymous_76)
FNDA:0,(anonymous_80)
FNDA:0,(anonymous_82)
FNDA:0,(anonymous_85)
FNDA:0,(anonymous_94)
FNDA:0,(anonymous_95)
FNDA:0,(anonymous_96)
FNDA:0,(anonymous_97)
FNDA:0,(anonymous_99)
FNDA:0,(anonymous_100)
FNDA:0,(anonymous_102)
FNDA:0,(anonymous_103)
DA:1,0
DA:2,0
DA:3,0
DA:4,0
DA:6,0
DA:16,0
DA:17,0
DA:18,0
DA:19,0
DA:20,0
DA:21,0
DA:22,0
DA:23,0
DA:26,0
DA:29,0
DA:33,0
DA:36,0
DA:37,0
DA:39,0
DA:42,0
DA:43,0
DA:49,0
DA:50,0
DA:60,0
DA:63,0
DA:66,0
DA:70,0
DA:75,0
DA:78,0
DA:81,0
DA:84,0
DA:89,0
DA:97,0
DA:99,0
DA:106,0
DA:109,0
DA:110,0
DA:112,0
DA:115,0
DA:120,0
DA:121,0
DA:123,0
DA:126,0
DA:131,0
DA:132,0
DA:134,0
DA:137,0
DA:143,0
LF:48
LH:0
BRDA:43,0,0,0
BRDA:43,0,1,0
BRDA:50,1,0,0
BRDA:50,1,1,0
BRDA:91,2,0,0
BRDA:91,2,1,0
BRF:6
BRH:0
end_of_record
TN:
SF:/Users/egormatiushkin/Develop/Study/GBVue/dist/js/webpack:/webpack/bootstrap
FN:2,(anonymous_0)
FN:2,e
FN:34,n
FN:70,r
FN:75,c
FN:100,(anonymous_5)
FN:108,(anonymous_6)
FN:127,(anonymous_7)
FN:140,(anonymous_8)
FN:155,(anonymous_9)
FN:173,(anonymous_10)
FN:191,(anonymous_11)
FN:208,(anonymous_12)
FN:215,(anonymous_13)
FN:227,(anonymous_14)
FN:234,(anonymous_15)
FN:239,(anonymous_16)
FN:241,(anonymous_17)
FN:242,(anonymous_18)
FN:248,(anonymous_19)
FN:254,(anonymous_20)
FNF:21
FNH:0
FNDA:0,(anonymous_0)
FNDA:0,e
FNDA:0,n
FNDA:0,r
FNDA:0,c
FNDA:0,(anonymous_5)
FNDA:0,(anonymous_6)
FNDA:0,(anonymous_7)
FNDA:0,(anonymous_8)
FNDA:0,(anonymous_9)
FNDA:0,(anonymous_10)
FNDA:0,(anonymous_11)
FNDA:0,(anonymous_12)
FNDA:0,(anonymous_13)
FNDA:0,(anonymous_14)
FNDA:0,(anonymous_15)
FNDA:0,(anonymous_16)
FNDA:0,(anonymous_17)
FNDA:0,(anonymous_18)
FNDA:0,(anonymous_19)
FNDA:0,(anonymous_20)
DA:3,0
DA:4,0
DA:5,0
DA:9,0
DA:10,0
DA:11,0
DA:17,0
DA:18,0
DA:22,0
DA:24,0
DA:25,0
DA:32,0
DA:36,0
DA:37,0
DA:38,0
DA:39,0
DA:40,0
DA:41,0
DA:43,0
DA:49,0
DA:53,0
DA:56,0
DA:63,0
DA:67,0
DA:71,0
DA:78,0
DA:79,0
DA:82,0
DA:95,0
DA:100,0
DA:101,0
DA:105,0
DA:106,0
DA:109,0
DA:110,0
DA:111,0
DA:112,0
DA:113,0
DA:114,0
DA:115,0
DA:117,0
DA:118,0
DA:119,0
DA:121,0
DA:123,0
DA:124,0
DA:128,0
DA:129,0
DA:130,0
DA:138,0
DA:139,0
DA:141,0
DA:147,0
DA:148,0
DA:151,0
DA:152,0
DA:155,0
DA:156,0
DA:158,0
DA:161,0
DA:164,0
DA:172,0
DA:173,0
DA:175,0
DA:177,0
DA:178,0
DA:179,0
DA:180,0
DA:181,0
DA:182,0
DA:188,0
DA:191,0
DA:192,0
DA:194,0
DA:198,0
DA:209,0
DA:216,0
DA:229,0
DA:230,0
DA:231,0
DA:234,0
DA:235,0
DA:240,0
DA:241,0
DA:242,0
DA:244,0
DA:248,0
DA:254,0
DA:256,0
DA:257,0
DA:258,0
DA:260,0
DA:261,0
DA:265,0
LF:94
LH:0
BRDA:12,0,0,0
BRDA:12,0,1,0
BRDA:12,0,2,0
BRDA:18,1,0,0
BRDA:18,1,1,0
BRDA:22,2,0,0
BRDA:22,2,1,0
BRDA:29,3,0,0
BRDA:29,3,1,0
BRDA:41,4,0,0
BRDA:41,4,1,0
BRDA:43,5,0,0
BRDA:43,5,1,0
BRDA:71,6,0,0
BRDA:71,6,1,0
BRDA:78,7,0,0
BRDA:78,7,1,0
BRDA:106,8,0,0
BRDA:106,8,1,0
BRDA:107,9,0,0
BRDA:107,9,1,0
BRDA:107,9,2,0
BRDA:109,10,0,0
BRDA:109,10,1,0
BRDA:114,11,0,0
BRDA:114,11,1,0
BRDA:115,12,0,0
BRDA:115,12,1,0
BRDA:115,13,0,0
BRDA:115,13,1,0
BRDA:115,13,2,0
BRDA:121,14,0,0
BRDA:121,14,1,0
BRDA:121,15,0,0
BRDA:121,15,1,0
BRDA:128,16,0,0
BRDA:128,16,1,0
BRDA:128,16,2,0
BRDA:128,16,3,0
BRDA:148,17,0,0
BRDA:148,17,1,0
BRDA:151,18,0,0
BRDA:151,18,1,0
BRDA:166,19,0,0
BRDA:166,19,1,0
BRDA:178,20,0,0
BRDA:178,20,1,0
BRDA:179,21,0,0
BRDA:179,21,1,0
BRDA:180,22,0,0
BRDA:180,22,1,0
BRDA:180,23,0,0
BRDA:180,23,1,0
BRDA:181,24,0,0
BRDA:181,24,1,0
BRDA:181,24,2,0
BRDA:209,25,0,0
BRDA:209,25,1,0
BRDA:216,26,0,0
BRDA:216,26,1,0
BRDA:216,26,2,0
BRDA:229,27,0,0
BRDA:229,27,1,0
BRDA:228,28,0,0
BRDA:228,28,1,0
BRDA:230,29,0,0
BRDA:230,29,1,0
BRDA:230,30,0,0
BRDA:230,30,1,0
BRDA:230,30,2,0
BRDA:230,30,3,0
BRDA:234,31,0,0
BRDA:234,31,1,0
BRDA:234,32,0,0
BRDA:234,32,1,0
BRDA:241,33,0,0
BRDA:241,33,1,0
BRDA:240,34,0,0
BRDA:240,34,1,0
BRDA:256,35,0,0
BRDA:256,35,1,0
BRF:81
BRH:0
end_of_record
TN:
SF:/Users/egormatiushkin/Develop/Study/GBVue/src/App.vue
FN:16,(anonymous_1)
FN:42,(anonymous_2)
FN:45,(anonymous_3)
FN:47,(anonymous_4)
FN:54,(anonymous_5)
FN:55,(anonymous_6)
FNF:6
FNH:0
FNDA:0,(anonymous_1)
FNDA:0,(anonymous_2)
FNDA:0,(anonymous_3)
FNDA:0,(anonymous_4)
FNDA:0,(anonymous_5)
FNDA:0,(anonymous_6)
DA:17,0
DA:43,0
DA:44,0
DA:45,0
DA:48,0
DA:49,0
DA:55,0
LF:7
LH:0
BRF:0
BRH:0
end_of_record
TN:
SF:/Users/egormatiushkin/Develop/Study/GBVue/src/main.js
FN:20,(anonymous_0)
FNF:1
FNH:0
FNDA:0,(anonymous_0)
DA:10,0
DA:11,0
DA:12,0
DA:13,0
DA:16,0
DA:19,0
DA:20,0
LF:7
LH:0
BRF:0
BRH:0
end_of_record
TN:
SF:/Users/egormatiushkin/Develop/Study/GBVue/src/components/SoundBtn.vue
FN:11,(anonymous_1)
FNF:1
FNH:0
FNDA:0,(anonymous_1)
DA:12,0
DA:13,0
LF:2
LH:0
BRF:0
BRH:0
end_of_record
TN:
SF:/Users/egormatiushkin/Develop/Study/GBVue/src/components/calc/Calculator.vue
FN:42,(anonymous_1)
FN:65,(anonymous_2)
FN:70,(anonymous_3)
FN:82,(anonymous_4)
FN:112,(anonymous_5)
FN:116,(anonymous_6)
FNF:6
FNH:3
FNDA:6,(anonymous_1)
FNDA:11,(anonymous_2)
FNDA:0,(anonymous_3)
FNDA:4,(anonymous_4)
FNDA:0,(anonymous_5)
FNDA:0,(anonymous_6)
DA:33,1
DA:34,1
DA:43,6
DA:66,11
DA:71,0
DA:72,0
DA:74,0
DA:76,0
DA:77,0
DA:79,0
DA:83,4
DA:84,4
DA:86,1
DA:87,1
DA:89,1
DA:90,1
DA:92,1
DA:93,0
DA:94,0
DA:96,1
DA:99,1
DA:101,1
DA:102,1
DA:104,0
DA:105,0
DA:107,0
DA:108,0
DA:112,4
DA:113,0
DA:117,0
DA:118,0
DA:119,0
LF:32
LH:16
BRDA:66,0,0,11
BRDA:66,0,1,5
BRDA:71,1,0,0
BRDA:71,1,1,0
BRDA:76,2,0,0
BRDA:76,2,1,0
BRDA:85,3,0,1
BRDA:85,3,1,1
BRDA:85,3,2,1
BRDA:85,3,3,1
BRDA:85,3,4,0
BRDA:85,3,5,0
BRDA:92,4,0,0
BRDA:92,4,1,1
BRF:14
BRH:7
end_of_record
TN:
SF:/Users/egormatiushkin/Develop/Study/GBVue/src/components/calc/DispKeyboard.vue
FN:20,(anonymous_1)
FN:44,(anonymous_2)
FNF:2
FNH:2
FNDA:10,(anonymous_1)
FNDA:8,(anonymous_2)
DA:21,10
DA:45,8
DA:46,6
DA:47,6
DA:48,0
DA:49,0
DA:51,2
DA:52,1
DA:53,1
DA:54,0
DA:55,0
DA:57,1
DA:58,1
DA:59,1
DA:60,0
DA:61,0
DA:64,8
DA:68,8
LF:18
LH:12
BRDA:45,0,0,6
BRDA:45,0,1,2
BRDA:45,1,0,8
BRDA:45,1,1,7
BRDA:46,2,0,6
BRDA:46,2,1,0
BRDA:48,3,0,0
BRDA:48,3,1,0
BRDA:51,4,0,1
BRDA:51,4,1,1
BRDA:52,5,0,1
BRDA:52,5,1,0
BRDA:54,6,0,0
BRDA:54,6,1,0
BRDA:57,7,0,1
BRDA:57,7,1,0
BRDA:58,8,0,1
BRDA:58,8,1,0
BRDA:60,9,0,0
BRDA:60,9,1,0
BRF:20
BRH:10
end_of_record
TN:
SF:/Users/egormatiushkin/Develop/Study/GBVue/src/components/calc/LogBlock.vue
FN:12,(anonymous_1)
FN:18,(anonymous_2)
FNF:2
FNH:1
FNDA:6,(anonymous_1)
FNDA:0,(anonymous_2)
DA:13,6
DA:19,0
DA:20,0
DA:21,0
LF:4
LH:1
BRF:0
BRH:0
end_of_record
TN:
SF:/Users/egormatiushkin/Develop/Study/GBVue/src/components/money/AddForm.vue
FN:36,(anonymous_1)
FN:47,(anonymous_2)
FN:53,(anonymous_3)
FN:65,(anonymous_4)
FN:76,(anonymous_5)
FN:83,(anonymous_6)
FN:86,(anonymous_7)
FN:93,(anonymous_8)
FN:94,(anonymous_9)
FNF:9
FNH:0
FNDA:0,(anonymous_1)
FNDA:0,(anonymous_2)
FNDA:0,(anonymous_3)
FNDA:0,(anonymous_4)
FNDA:0,(anonymous_5)
FNDA:0,(anonymous_6)
FNDA:0,(anonymous_7)
FNDA:0,(anonymous_8)
FNDA:0,(anonymous_9)
DA:27,0
DA:29,0
DA:37,0
DA:48,0
DA:49,0
DA:50,0
DA:54,0
DA:60,0
DA:61,0
DA:62,0
DA:66,0
DA:67,0
DA:68,0
DA:69,0
DA:70,0
DA:77,0
DA:78,0
DA:79,0
DA:80,0
DA:81,0
DA:84,0
DA:87,0
DA:94,0
DA:95,0
DA:96,0
LF:25
LH:0
BRDA:49,0,0,0
BRDA:49,0,1,0
BRDA:49,1,0,0
BRDA:49,1,1,0
BRDA:56,2,0,0
BRDA:56,2,1,0
BRF:6
BRH:0
end_of_record
TN:
SF:/Users/egormatiushkin/Develop/Study/GBVue/src/components/money/FastCat.vue
FN:20,(anonymous_1)
FN:23,(anonymous_2)
FN:26,(anonymous_3)
FNF:3
FNH:0
FNDA:0,(anonymous_1)
FNDA:0,(anonymous_2)
FNDA:0,(anonymous_3)
DA:11,0
DA:21,0
DA:22,0
DA:23,0
DA:25,0
DA:26,0
LF:6
LH:0
BRDA:21,0,0,0
BRDA:21,0,1,0
BRF:2
BRH:0
end_of_record
TN:
SF:/Users/egormatiushkin/Develop/Study/GBVue/src/components/money/HistoryList.vue
FN:32,(anonymous_1)
FN:38,(anonymous_2)
FN:41,(anonymous_4)
FN:44,(anonymous_5)
FN:52,(anonymous_6)
FN:60,(anonymous_7)
FNF:6
FNH:0
FNDA:0,(anonymous_1)
FNDA:0,(anonymous_2)
FNDA:0,(anonymous_4)
FNDA:0,(anonymous_5)
FNDA:0,(anonymous_6)
FNDA:0,(anonymous_7)
DA:28,0
DA:33,0
DA:38,0
DA:42,0
DA:45,0
DA:53,0
DA:54,0
DA:55,0
DA:56,0
DA:57,0
DA:61,0
DA:62,0
LF:12
LH:0
BRDA:54,0,0,0
BRDA:54,0,1,0
BRF:2
BRH:0
end_of_record
TN:
SF:/Users/egormatiushkin/Develop/Study/GBVue/src/components/money/ModalWindow.vue
FN:40,(anonymous_1)
FN:55,(anonymous_2)
FN:62,(anonymous_3)
FN:71,(anonymous_4)
FN:72,(anonymous_5)
FN:80,(anonymous_6)
FN:82,(anonymous_7)
FN:94,(anonymous_8)
FNF:8
FNH:0
FNDA:0,(anonymous_1)
FNDA:0,(anonymous_2)
FNDA:0,(anonymous_3)
FNDA:0,(anonymous_4)
FNDA:0,(anonymous_5)
FNDA:0,(anonymous_6)
FNDA:0,(anonymous_7)
FNDA:0,(anonymous_8)
DA:34,0
DA:41,0
DA:56,0
DA:57,0
DA:58,0
DA:59,0
DA:63,0
DA:64,0
DA:65,0
DA:66,0
DA:67,0
DA:68,0
DA:69,0
DA:72,0
DA:73,0
DA:74,0
DA:75,0
DA:77,0
DA:80,0
DA:81,0
DA:82,0
DA:83,0
DA:86,0
DA:87,0
DA:93,0
DA:94,0
DA:95,0
DA:96,0
LF:28
LH:0
BRDA:74,0,0,0
BRDA:74,0,1,0
BRF:2
BRH:0
end_of_record
TN:
SF:/Users/egormatiushkin/Develop/Study/GBVue/src/components/money/MoneyApp.vue
FN:28,(anonymous_1)
FN:46,(anonymous_2)
FNF:2
FNH:0
FNDA:0,(anonymous_1)
FNDA:0,(anonymous_2)
DA:13,0
DA:14,0
DA:15,0
DA:16,0
DA:18,0
DA:29,0
DA:47,0
DA:48,0
DA:49,0
LF:9
LH:0
BRF:0
BRH:0
end_of_record
TN:
SF:/Users/egormatiushkin/Develop/Study/GBVue/src/components/money/Pagination.vue
FN:14,(anonymous_1)
FN:22,(anonymous_2)
FN:27,(anonymous_3)
FN:34,(anonymous_4)
FN:46,(anonymous_5)
FN:54,(anonymous_6)
FNF:6
FNH:0
FNDA:0,(anonymous_1)
FNDA:0,(anonymous_2)
FNDA:0,(anonymous_3)
FNDA:0,(anonymous_4)
FNDA:0,(anonymous_5)
FNDA:0,(anonymous_6)
DA:10,0
DA:15,0
DA:23,0
DA:24,0
DA:28,0
DA:29,0
DA:31,0
DA:35,0
DA:36,0
DA:38,0
DA:47,0
DA:55,0
DA:56,0
LF:13
LH:0
BRDA:28,0,0,0
BRDA:28,0,1,0
BRDA:35,1,0,0
BRDA:35,1,1,0
BRF:4
BRH:0
end_of_record
TN:
SF:/Users/egormatiushkin/Develop/Study/GBVue/src/components/money/SetCategory.vue
FN:24,(anonymous_1)
FN:31,(anonymous_2)
FN:34,(anonymous_3)
FN:37,(anonymous_4)
FNF:4
FNH:0
FNDA:0,(anonymous_1)
FNDA:0,(anonymous_2)
FNDA:0,(anonymous_3)
FNDA:0,(anonymous_4)
DA:18,0
DA:25,0
DA:32,0
DA:35,0
DA:36,0
DA:37,0
DA:38,0
DA:39,0
DA:42,0
DA:46,0
LF:10
LH:0
BRDA:35,0,0,0
BRDA:35,0,1,0
BRDA:38,1,0,0
BRDA:38,1,1,0
BRF:4
BRH:0
end_of_record
TN:
SF:/Users/egormatiushkin/Develop/Study/GBVue/src/plugins/ModalWin.js
FN:2,(anonymous_0)
FN:11,(anonymous_1)
FN:16,(anonymous_2)
FNF:3
FNH:0
FNDA:0,(anonymous_0)
FNDA:0,(anonymous_1)
FNDA:0,(anonymous_2)
DA:3,0
DA:4,0
DA:7,0
DA:9,0
DA:12,0
DA:17,0
LF:6
LH:0
BRDA:3,0,0,0
BRDA:3,0,1,0
BRF:2
BRH:0
end_of_record
TN:
SF:/Users/egormatiushkin/Develop/Study/GBVue/src/router/index.js
FN:11,(anonymous_0)
FN:16,(anonymous_1)
FN:21,(anonymous_2)
FN:27,(anonymous_3)
FN:32,(anonymous_4)
FN:37,(anonymous_5)
FNF:6
FNH:0
FNDA:0,(anonymous_0)
FNDA:0,(anonymous_1)
FNDA:0,(anonymous_2)
FNDA:0,(anonymous_3)
FNDA:0,(anonymous_4)
FNDA:0,(anonymous_5)
DA:5,0
DA:7,0
DA:11,0
DA:16,0
DA:21,0
DA:27,0
DA:32,0
DA:37,0
DA:41,0
LF:9
LH:0
BRF:0
BRH:0
end_of_record
TN:
SF:/Users/egormatiushkin/Develop/Study/GBVue/src/store/index.js
FNF:0
FNH:0
DA:5,0
LF:1
LH:0
BRF:0
BRH:0
end_of_record
TN:
SF:/Users/egormatiushkin/Develop/Study/GBVue/src/store/mainStore.js
FN:17,(anonymous_0)
FN:18,(anonymous_1)
FN:19,(anonymous_2)
FN:20,(anonymous_3)
FN:21,(anonymous_4)
FN:22,(anonymous_5)
FN:23,(anonymous_6)
FN:28,(anonymous_7)
FN:32,(anonymous_8)
FN:35,(anonymous_9)
FN:41,(anonymous_10)
FN:42,(anonymous_11)
FN:48,(anonymous_12)
FN:49,(anonymous_13)
FN:59,(anonymous_14)
FN:62,(anonymous_15)
FN:63,(anonymous_16)
FN:65,(anonymous_17)
FN:69,(anonymous_18)
FN:74,(anonymous_19)
FN:77,(anonymous_20)
FN:80,(anonymous_21)
FN:83,(anonymous_22)
FN:88,(anonymous_23)
FN:96,(anonymous_24)
FN:98,(anonymous_25)
FN:107,(anonymous_26)
FN:111,(anonymous_27)
FN:114,(anonymous_28)
FN:118,(anonymous_29)
FN:122,(anonymous_30)
FN:125,(anonymous_31)
FN:129,(anonymous_32)
FN:133,(anonymous_33)
FN:136,(anonymous_34)
FNF:35
FNH:0
FNDA:0,(anonymous_0)
FNDA:0,(anonymous_1)
FNDA:0,(anonymous_2)
FNDA:0,(anonymous_3)
FNDA:0,(anonymous_4)
FNDA:0,(anonymous_5)
FNDA:0,(anonymous_6)
FNDA:0,(anonymous_7)
FNDA:0,(anonymous_8)
FNDA:0,(anonymous_9)
FNDA:0,(anonymous_10)
FNDA:0,(anonymous_11)
FNDA:0,(anonymous_12)
FNDA:0,(anonymous_13)
FNDA:0,(anonymous_14)
FNDA:0,(anonymous_15)
FNDA:0,(anonymous_16)
FNDA:0,(anonymous_17)
FNDA:0,(anonymous_18)
FNDA:0,(anonymous_19)
FNDA:0,(anonymous_20)
FNDA:0,(anonymous_21)
FNDA:0,(anonymous_22)
FNDA:0,(anonymous_23)
FNDA:0,(anonymous_24)
FNDA:0,(anonymous_25)
FNDA:0,(anonymous_26)
FNDA:0,(anonymous_27)
FNDA:0,(anonymous_28)
FNDA:0,(anonymous_29)
FNDA:0,(anonymous_30)
FNDA:0,(anonymous_31)
FNDA:0,(anonymous_32)
FNDA:0,(anonymous_33)
FNDA:0,(anonymous_34)
DA:1,0
DA:2,0
DA:3,0
DA:4,0
DA:6,0
DA:16,0
DA:17,0
DA:18,0
DA:19,0
DA:20,0
DA:21,0
DA:22,0
DA:23,0
DA:26,0
DA:29,0
DA:30,0
DA:33,0
DA:36,0
DA:37,0
DA:39,0
DA:42,0
DA:43,0
DA:44,0
DA:49,0
DA:50,0
DA:51,0
DA:52,0
DA:53,0
DA:56,0
DA:60,0
DA:63,0
DA:66,0
DA:70,0
DA:75,0
DA:78,0
DA:81,0
DA:84,0
DA:89,0
DA:90,0
DA:91,0
DA:93,0
DA:97,0
DA:98,0
DA:99,0
DA:106,0
DA:110,0
DA:112,0
DA:115,0
DA:121,0
DA:123,0
DA:126,0
DA:132,0
DA:134,0
DA:137,0
LF:54
LH:0
BRDA:43,0,0,0
BRDA:43,0,1,0
BRDA:50,1,0,0
BRDA:50,1,1,0
BRDA:90,2,0,0
BRDA:90,2,1,0
BRF:6
BRH:0
end_of_record
TN:
SF:/Users/egormatiushkin/Develop/Study/GBVue/tests/e2e/plugins/index.js
FN:12,(anonymous_0)
FNF:1
FNH:0
FNDA:0,(anonymous_0)
DA:12,0
DA:18,0
LF:2
LH:0
BRF:0
BRH:0
end_of_record
TN:
SF:/Users/egormatiushkin/Develop/Study/GBVue/tests/e2e/specs/test.js
FN:3,(anonymous_0)
FN:4,(anonymous_1)
FNF:2
FNH:0
FNDA:0,(anonymous_0)
FNDA:0,(anonymous_1)
DA:3,0
DA:4,0
DA:5,0
DA:6,0
LF:4
LH:0
BRF:0
BRH:0
end_of_record
TN:
SF:/Users/egormatiushkin/Develop/Study/GBVue/tests/e2e/support/commands.js
FNF:0
FNH:0
LF:0
LH:0
BRF:0
BRH:0
end_of_record
TN:
SF:/Users/egormatiushkin/Develop/Study/GBVue/tests/e2e/support/index.js
FNF:0
FNH:0
LF:0
LH:0
BRF:0
BRH:0
end_of_record
